2025-02-07 14:14:17,824 [DEBUG]  Available web server routes: 
/conversations/<conversation_id:path>/messages     POST                           add_message
/conversations/<conversation_id:path>/tracker/events POST                           append_events
/webhooks/rasa                                     GET                            custom_webhook_RasaChatInput.health
/webhooks/rasa/webhook                             POST                           custom_webhook_RasaChatInput.receive
/webhooks/rest                                     GET                            custom_webhook_RestInput.health
/webhooks/rest/webhook                             POST                           custom_webhook_RestInput.receive
/model/test/intents                                POST                           evaluate_intents
/model/test/stories                                POST                           evaluate_stories
/conversations/<conversation_id:path>/execute      POST                           execute_action
/domain                                            GET                            get_domain
/                                                  GET                            hello
/model                                             PUT                            load_model
/model/parse                                       POST                           parse
/conversations/<conversation_id:path>/predict      POST                           predict
/conversations/<conversation_id:path>/tracker/events PUT                            replace_events
/conversations/<conversation_id:path>/story        GET                            retrieve_story
/conversations/<conversation_id:path>/tracker      GET                            retrieve_tracker
/status                                            GET                            status
/model/predict                                     POST                           tracker_predict
/model/train                                       POST                           train
/conversations/<conversation_id:path>/trigger_intent POST                           trigger_intent
/model                                             DELETE                         unload_model
/version                                           GET                            version
2025-02-07 14:14:17,824 [INFO ]  Starting Rasa server on http://0.0.0.0:5005
2025-02-07 14:14:17,824 [DEBUG]  Using the default number of Sanic workers (1).
2025-02-07 14:14:18,143 [DEBUG]  Skipping telemetry reporting: no license hash found.
2025-02-07 14:14:18,169 [DEBUG]  Connected to InMemoryTrackerStore.
2025-02-07 14:14:18,169 [DEBUG]  Connected to lock store 'InMemoryLockStore'.
2025-02-07 14:14:18,169 [DEBUG]  Instantiated NLG to 'TemplatedNaturalLanguageGenerator'.
2025-02-07 14:14:18,169 [INFO ]  Loading model models/20250207-140734-slim-harp.tar.gz...
2025-02-07 14:14:18,446 [DEBUG]  Extracted model to '/tmp/tmp4da_fqli'.
2025-02-07 14:14:18,448 [DEBUG]  Node 'nlu_message_converter' loading 'NLUMessageConverter.load' and kwargs: '{}'.
2025-02-07 14:14:18,448 [DEBUG]  Node 'run_WhitespaceTokenizer0' loading 'WhitespaceTokenizer.load' and kwargs: '{}'.
2025-02-07 14:14:18,450 [DEBUG]  Node 'run_RegexFeaturizer1' loading 'RegexFeaturizer.load' and kwargs: '{}'.
2025-02-07 14:14:18,450 [DEBUG]  Resource 'train_RegexFeaturizer1' was requested for reading.
2025-02-07 14:14:18,450 [DEBUG]  Node 'run_LexicalSyntacticFeaturizer2' loading 'LexicalSyntacticFeaturizer.load' and kwargs: '{}'.
2025-02-07 14:14:18,450 [DEBUG]  Resource 'train_LexicalSyntacticFeaturizer2' was requested for reading.
2025-02-07 14:14:18,450 [DEBUG]  Node 'run_CountVectorsFeaturizer3' loading 'CountVectorsFeaturizer.load' and kwargs: '{}'.
2025-02-07 14:14:18,450 [DEBUG]  Resource 'train_CountVectorsFeaturizer3' was requested for reading.
2025-02-07 14:14:18,450 [DEBUG]  Node 'run_CountVectorsFeaturizer4' loading 'CountVectorsFeaturizer.load' and kwargs: '{}'.
2025-02-07 14:14:18,450 [DEBUG]  Resource 'train_CountVectorsFeaturizer4' was requested for reading.
2025-02-07 14:14:18,451 [DEBUG]  Node 'run_DIETClassifier5' loading 'DIETClassifier.load' and kwargs: '{}'.
2025-02-07 14:14:18,451 [DEBUG]  Resource 'train_DIETClassifier5' was requested for reading.
2025-02-07 14:14:18,452 [DEBUG]  Loading the model from /tmp/tmprgw6qvhd/train_DIETClassifier5/DIETClassifier.tf_model with finetune_mode=False...
2025-02-07 14:14:18,488 [DEBUG]  You specified 'DIET' to train entities, but no entities are present in the training data. Skipping training of entities.
2025-02-07 14:14:18,511 [DEBUG]  Following metrics will be logged during training: 
2025-02-07 14:14:18,512 [DEBUG]    t_loss (total loss)
2025-02-07 14:14:18,512 [DEBUG]    i_acc (intent acc)
2025-02-07 14:14:18,512 [DEBUG]    i_loss (intent loss)
2025-02-07 14:14:24,670 [DEBUG]  Finished loading the model.
2025-02-07 14:14:24,670 [DEBUG]  Node 'run_EntitySynonymMapper6' loading 'EntitySynonymMapper.load' and kwargs: '{}'.
2025-02-07 14:14:24,670 [DEBUG]  Resource 'train_EntitySynonymMapper6' was requested for reading.
2025-02-07 14:14:24,671 [DEBUG]  Failed to load ABCMeta from model storage. Resource 'train_EntitySynonymMapper6' doesn't exist.
2025-02-07 14:14:24,671 [DEBUG]  Node 'run_ResponseSelector7' loading 'ResponseSelector.load' and kwargs: '{}'.
2025-02-07 14:14:24,671 [DEBUG]  Resource 'train_ResponseSelector7' was requested for reading.
2025-02-07 14:14:24,671 [DEBUG]  Failed to load ABCMeta from model storage. Resource 'train_ResponseSelector7' doesn't exist.
2025-02-07 14:14:24,671 [DEBUG]  Resource 'train_ResponseSelector7' was requested for reading.
2025-02-07 14:14:24,671 [DEBUG]  Failed to load ResponseSelector from model storage. Resource 'train_ResponseSelector7' doesn't exist.
2025-02-07 14:14:24,671 [DEBUG]  Node 'run_FallbackClassifier8' loading 'FallbackClassifier.load' and kwargs: '{}'.
2025-02-07 14:14:24,671 [DEBUG]  Node 'run_RegexMessageHandler' loading 'RegexMessageHandler.load' and kwargs: '{}'.
2025-02-07 14:14:24,671 [DEBUG]  Node 'domain_provider' loading 'DomainProvider.load' and kwargs: '{}'.
2025-02-07 14:14:24,671 [DEBUG]  Resource 'domain_provider' was requested for reading.
2025-02-07 14:14:24,686 [DEBUG]  Node 'run_MemoizationPolicy0' loading 'MemoizationPolicy.load' and kwargs: '{}'.
2025-02-07 14:14:24,686 [DEBUG]  Resource 'train_MemoizationPolicy0' was requested for reading.
2025-02-07 14:14:24,687 [DEBUG]  Node 'run_RulePolicy1' loading 'RulePolicy.load' and kwargs: '{}'.
2025-02-07 14:14:24,687 [DEBUG]  Resource 'train_RulePolicy1' was requested for reading.
2025-02-07 14:14:24,687 [DEBUG]  Node 'run_UnexpecTEDIntentPolicy2' loading 'UnexpecTEDIntentPolicy.load' and kwargs: '{}'.
2025-02-07 14:14:24,687 [DEBUG]  Resource 'train_UnexpecTEDIntentPolicy2' was requested for reading.
2025-02-07 14:14:24,689 [DEBUG]  Loading the model from /tmp/tmprgw6qvhd/train_UnexpecTEDIntentPolicy2/unexpected_intent_policy.tf_model with finetune_mode=False...
2025-02-07 14:14:31,205 [DEBUG]  Finished loading the model.
2025-02-07 14:14:31,205 [WARNI]  The UnexpecTED Intent Policy is currently experimental and might change or be removed in the future 🔬 Please share your feedback on it in the forum (https://forum.rasa.com) to help us make this feature ready for production.
2025-02-07 14:14:31,205 [DEBUG]  Node 'run_TEDPolicy3' loading 'TEDPolicy.load' and kwargs: '{}'.
2025-02-07 14:14:31,205 [DEBUG]  Resource 'train_TEDPolicy3' was requested for reading.
2025-02-07 14:14:31,207 [DEBUG]  Loading the model from /tmp/tmprgw6qvhd/train_TEDPolicy3/ted_policy.tf_model with finetune_mode=False...
2025-02-07 14:14:36,647 [DEBUG]  Finished loading the model.
2025-02-07 14:14:36,648 [DEBUG]  Node 'rule_only_data_provider' loading 'RuleOnlyDataProvider.load' and kwargs: '{}'.
2025-02-07 14:14:36,648 [DEBUG]  Resource 'train_RulePolicy1' was requested for reading.
2025-02-07 14:14:36,648 [DEBUG]  Node 'select_prediction' loading 'DefaultPolicyPredictionEnsemble.load' and kwargs: '{}'.
2025-02-07 14:14:36,655 [INFO ]  Rasa server is up and running.
2025-02-07 14:14:36,656 [INFO ]  Enabling coroutine debugging. Loop id 103880784959792.
2025-02-07 14:14:47,789 [DEBUG]  Issuing ticket for conversation 'PractikumStudent'.
2025-02-07 14:14:47,789 [DEBUG]  Acquiring lock for conversation 'PractikumStudent'.
2025-02-07 14:14:47,790 [DEBUG]  Acquired lock for conversation 'PractikumStudent'.
2025-02-07 14:14:47,790 [DEBUG]  Could not find tracker for conversation ID 'PractikumStudent'.
2025-02-07 14:14:47,790 [DEBUG]  No event broker configured. Skipping streaming events.
2025-02-07 14:14:47,790 [DEBUG]  Starting a new session for conversation ID 'PractikumStudent'.
2025-02-07 14:14:47,791 [DEBUG]  [[32m[1mdebug    [0m] [1mprocessor.actions.policy_prediction[0m [36mprediction_events[0m=[35m[][0m
2025-02-07 14:14:47,791 [DEBUG]  [[32m[1mdebug    [0m] [1mprocessor.actions.log         [0m [36maction_name[0m=[35maction_session_start[0m [36mrasa_events[0m=[35m[<rasa.shared.core.events.SessionStarted object at 0x7a3aee3fcdf0>, ActionExecuted(action: action_listen, policy: None, confidence: None)][0m
2025-02-07 14:14:47,791 [DEBUG]  [[32m[1mdebug    [0m] [1mprocessor.slots.log           [0m [36mslot_values[0m=[35m	topic: None
	session_started_metadata: None[0m
2025-02-07 14:14:47,792 [DEBUG]  Running graph with inputs: {'__message__': [<rasa.core.channels.channel.UserMessage object at 0x7a3aeed08d30>], '__tracker__': <rasa.shared.core.trackers.DialogueStateTracker object at 0x7a3aee495960>}, targets: ['run_RegexMessageHandler'] and ExecutionContext(model_id='a524a5dbdcb84741b6ad4b7d0d3bf356', should_add_diagnostic_data=False, is_finetuning=False, node_name=None).
2025-02-07 14:14:47,792 [DEBUG]  Node 'nlu_message_converter' running 'NLUMessageConverter.convert_user_message'.
2025-02-07 14:14:47,792 [DEBUG]  Node 'run_WhitespaceTokenizer0' running 'WhitespaceTokenizer.process'.
2025-02-07 14:14:47,793 [DEBUG]  Node 'run_RegexFeaturizer1' running 'RegexFeaturizer.process'.
2025-02-07 14:14:47,793 [DEBUG]  Node 'run_LexicalSyntacticFeaturizer2' running 'LexicalSyntacticFeaturizer.process'.
2025-02-07 14:14:47,794 [DEBUG]  Node 'run_CountVectorsFeaturizer3' running 'CountVectorsFeaturizer.process'.
2025-02-07 14:14:47,794 [DEBUG]  Node 'run_CountVectorsFeaturizer4' running 'CountVectorsFeaturizer.process'.
2025-02-07 14:14:47,795 [DEBUG]  Node 'run_DIETClassifier5' running 'DIETClassifier.process'.
2025-02-07 14:14:47,940 [DEBUG]  Node 'run_EntitySynonymMapper6' running 'EntitySynonymMapper.process'.
2025-02-07 14:14:47,940 [DEBUG]  Node 'run_ResponseSelector7' running 'ResponseSelector.process'.
2025-02-07 14:14:47,941 [DEBUG]  There is no trained model for 'ResponseSelector': The component is either not trained or didn't receive enough training data.
2025-02-07 14:14:47,941 [DEBUG]  Adding following selector key to message property: default
2025-02-07 14:14:47,941 [DEBUG]  Node 'run_FallbackClassifier8' running 'FallbackClassifier.process'.
2025-02-07 14:14:47,941 [DEBUG]  Node 'domain_provider' running 'DomainProvider.provide_inference'.
2025-02-07 14:14:47,941 [DEBUG]  Node 'run_RegexMessageHandler' running 'RegexMessageHandler.process'.
2025-02-07 14:14:47,941 [DEBUG]  [[32m[1mdebug    [0m] [1mprocessor.message.parse       [0m [36mparse_data_entities[0m=[35m[][0m [36mparse_data_intent[0m=[35m{'name': 'greet', 'confidence': 1.0}[0m [36mparse_data_text[0m=[35mпривет[0m
2025-02-07 14:14:47,941 [DEBUG]  Logged UserUtterance - tracker now has 4 events.
2025-02-07 14:14:47,942 [DEBUG]  Validating extracted slots: topic
2025-02-07 14:14:47,942 [DEBUG]  [[32m[1mdebug    [0m] [1mprocessor.extract.slots       [0m [36maction_extract_slot[0m=[35maction_extract_slots[0m [36mlen_extraction_events[0m=[35m1[0m [36mrasa_events[0m=[35m[SlotSet(key: topic, value: привет)][0m
2025-02-07 14:14:47,942 [DEBUG]  Running graph with inputs: {'__tracker__': <rasa.shared.core.trackers.DialogueStateTracker object at 0x7a3aee495960>}, targets: ['select_prediction'] and ExecutionContext(model_id='a524a5dbdcb84741b6ad4b7d0d3bf356', should_add_diagnostic_data=False, is_finetuning=False, node_name=None).
2025-02-07 14:14:47,943 [DEBUG]  Node 'rule_only_data_provider' running 'RuleOnlyDataProvider.provide'.
2025-02-07 14:14:47,943 [DEBUG]  Node 'domain_provider' running 'DomainProvider.provide_inference'.
2025-02-07 14:14:47,943 [DEBUG]  Node 'run_MemoizationPolicy0' running 'MemoizationPolicy.predict_action_probabilities'.
2025-02-07 14:14:47,943 [DEBUG]  [[32m[1mdebug    [0m] [1mmemoization.predict.actions   [0m [36mtracker_states[0m=[35m[{}, {'user': {'intent': 'greet'}, 'prev_action': {'action_name': 'action_listen'}}][0m
2025-02-07 14:14:47,943 [DEBUG]  There is a memorised next action 'utter_greet'
2025-02-07 14:14:47,943 [DEBUG]  Node 'run_RulePolicy1' running 'RulePolicy.predict_action_probabilities'.
2025-02-07 14:14:47,943 [DEBUG]  [[32m[1mdebug    [0m] [1mrule_policy.actions.find      [0m [36mcurrent_states[0m=[35m
[state 1] user text: привет | previous action name: action_listen[0m
2025-02-07 14:14:47,944 [DEBUG]  There is no applicable rule.
2025-02-07 14:14:47,944 [DEBUG]  [[32m[1mdebug    [0m] [1mrule_policy.actions.find      [0m [36mcurrent_states[0m=[35m
[state 1] user intent: greet | previous action name: action_listen[0m
2025-02-07 14:14:47,944 [DEBUG]  There is a rule for the next action 'utter_greet'.
2025-02-07 14:14:47,944 [DEBUG]  Node 'run_TEDPolicy3' running 'TEDPolicy.predict_action_probabilities'.
2025-02-07 14:14:47,947 [DEBUG]  TED predicted 'utter_greet' based on user intent.
2025-02-07 14:14:47,947 [DEBUG]  Node 'run_UnexpecTEDIntentPolicy2' running 'UnexpecTEDIntentPolicy.predict_action_probabilities'.
2025-02-07 14:14:48,138 [DEBUG]  Querying for intent `greet`.
2025-02-07 14:14:48,138 [DEBUG]  Score for intent `greet` is `1.4923056364059448`, while threshold is `-1.8915715217590332`.
2025-02-07 14:14:48,138 [DEBUG]  Top 5 intents (in ascending order) that are likely here are: `[('back', -1.4655967), ('ask_architecture', -1.447946), ('greet', 1.4923056), ('goodbye', 1.5444932), ('request_info', 1.6923425)]`.
2025-02-07 14:14:48,138 [DEBUG]  Node 'select_prediction' running 'DefaultPolicyPredictionEnsemble.combine_predictions_from_kwargs'.
2025-02-07 14:14:48,139 [DEBUG]  Made prediction using user intent.
2025-02-07 14:14:48,139 [DEBUG]  Added `DefinePrevUserUtteredFeaturization(False)` event.
2025-02-07 14:14:48,139 [DEBUG]  Predicted next action using RulePolicy.
2025-02-07 14:14:48,139 [DEBUG]  Predicted next action 'utter_greet' with confidence 1.00.
2025-02-07 14:14:48,139 [DEBUG]  [[32m[1mdebug    [0m] [1mprocessor.actions.policy_prediction[0m [36mprediction_events[0m=[35m[<rasa.shared.core.events.DefinePrevUserUtteredFeaturization object at 0x7a3aee3fe410>][0m
2025-02-07 14:14:48,139 [DEBUG]  [[32m[1mdebug    [0m] [1mprocessor.actions.log         [0m [36maction_name[0m=[35mutter_greet[0m [36mrasa_events[0m=[35m[BotUttered('Привет! Чем могу помочь в области архитектуры программного обеспечения?', {"elements": null, "quick_replies": null, "buttons": null, "attachment": null, "image": null, "custom": null}, {"utter_action": "utter_greet"}, 1738926888.1396773)][0m
2025-02-07 14:14:48,140 [DEBUG]  Running graph with inputs: {'__tracker__': <rasa.shared.core.trackers.DialogueStateTracker object at 0x7a3aee495960>}, targets: ['select_prediction'] and ExecutionContext(model_id='a524a5dbdcb84741b6ad4b7d0d3bf356', should_add_diagnostic_data=False, is_finetuning=False, node_name=None).
2025-02-07 14:14:48,140 [DEBUG]  Node 'rule_only_data_provider' running 'RuleOnlyDataProvider.provide'.
2025-02-07 14:14:48,140 [DEBUG]  Node 'domain_provider' running 'DomainProvider.provide_inference'.
2025-02-07 14:14:48,140 [DEBUG]  Node 'run_MemoizationPolicy0' running 'MemoizationPolicy.predict_action_probabilities'.
2025-02-07 14:14:48,140 [DEBUG]  [[32m[1mdebug    [0m] [1mmemoization.predict.actions   [0m [36mtracker_states[0m=[35m[{}, {'user': {'intent': 'greet'}, 'prev_action': {'action_name': 'action_listen'}}, {'user': {'intent': 'greet'}, 'prev_action': {'action_name': 'utter_greet'}}][0m
2025-02-07 14:14:48,140 [DEBUG]  There is a memorised next action 'action_listen'
2025-02-07 14:14:48,140 [DEBUG]  Node 'run_RulePolicy1' running 'RulePolicy.predict_action_probabilities'.
2025-02-07 14:14:48,141 [DEBUG]  [[32m[1mdebug    [0m] [1mrule_policy.actions.find      [0m [36mcurrent_states[0m=[35m
[state 1] user intent: greet | previous action name: action_listen
[state 2] user intent: greet | previous action name: utter_greet[0m
2025-02-07 14:14:48,141 [DEBUG]  There is a rule for the next action 'action_listen'.
2025-02-07 14:14:48,141 [DEBUG]  Node 'run_TEDPolicy3' running 'TEDPolicy.predict_action_probabilities'.
2025-02-07 14:14:48,144 [DEBUG]  TED predicted 'action_listen' based on user intent.
2025-02-07 14:14:48,144 [DEBUG]  Node 'run_UnexpecTEDIntentPolicy2' running 'UnexpecTEDIntentPolicy.predict_action_probabilities'.
2025-02-07 14:14:48,144 [DEBUG]  Skipping predictions for UnexpecTEDIntentPolicy as either there is no event of type `UserUttered`, event's intent is new and not in domain or there is an event of type `ActionExecuted` after the last `UserUttered`.
2025-02-07 14:14:48,144 [DEBUG]  Node 'select_prediction' running 'DefaultPolicyPredictionEnsemble.combine_predictions_from_kwargs'.
2025-02-07 14:14:48,144 [DEBUG]  Predicted next action using RulePolicy.
2025-02-07 14:14:48,144 [DEBUG]  Predicted next action 'action_listen' with confidence 1.00.
2025-02-07 14:14:48,144 [DEBUG]  [[32m[1mdebug    [0m] [1mprocessor.actions.policy_prediction[0m [36mprediction_events[0m=[35m[][0m
2025-02-07 14:14:48,144 [DEBUG]  [[32m[1mdebug    [0m] [1mprocessor.actions.log         [0m [36maction_name[0m=[35maction_listen[0m [36mrasa_events[0m=[35m[][0m
2025-02-07 14:14:48,144 [DEBUG]  No event broker configured. Skipping streaming events.
2025-02-07 14:14:48,145 [DEBUG]  Deleted lock for conversation 'PractikumStudent'.
2025-02-07 14:14:50,081 [DEBUG]  Issuing ticket for conversation 'PractikumStudent'.
2025-02-07 14:14:50,081 [DEBUG]  Acquiring lock for conversation 'PractikumStudent'.
2025-02-07 14:14:50,081 [DEBUG]  Acquired lock for conversation 'PractikumStudent'.
2025-02-07 14:14:50,081 [DEBUG]  Recreating tracker for id 'PractikumStudent'
2025-02-07 14:14:50,082 [DEBUG]  Running graph with inputs: {'__message__': [<rasa.core.channels.channel.UserMessage object at 0x7a3aeed08dc0>], '__tracker__': <rasa.shared.core.trackers.DialogueStateTracker object at 0x7a3aee361d80>}, targets: ['run_RegexMessageHandler'] and ExecutionContext(model_id='a524a5dbdcb84741b6ad4b7d0d3bf356', should_add_diagnostic_data=False, is_finetuning=False, node_name=None).
2025-02-07 14:14:50,082 [DEBUG]  Node 'nlu_message_converter' running 'NLUMessageConverter.convert_user_message'.
2025-02-07 14:14:50,083 [DEBUG]  Node 'run_WhitespaceTokenizer0' running 'WhitespaceTokenizer.process'.
2025-02-07 14:14:50,083 [DEBUG]  Node 'run_RegexFeaturizer1' running 'RegexFeaturizer.process'.
2025-02-07 14:14:50,083 [DEBUG]  Node 'run_LexicalSyntacticFeaturizer2' running 'LexicalSyntacticFeaturizer.process'.
2025-02-07 14:14:50,083 [DEBUG]  Node 'run_CountVectorsFeaturizer3' running 'CountVectorsFeaturizer.process'.
2025-02-07 14:14:50,084 [DEBUG]  Node 'run_CountVectorsFeaturizer4' running 'CountVectorsFeaturizer.process'.
2025-02-07 14:14:50,084 [DEBUG]  Node 'run_DIETClassifier5' running 'DIETClassifier.process'.
2025-02-07 14:14:50,090 [DEBUG]  Node 'run_EntitySynonymMapper6' running 'EntitySynonymMapper.process'.
2025-02-07 14:14:50,091 [DEBUG]  Node 'run_ResponseSelector7' running 'ResponseSelector.process'.
2025-02-07 14:14:50,091 [DEBUG]  There is no trained model for 'ResponseSelector': The component is either not trained or didn't receive enough training data.
2025-02-07 14:14:50,091 [DEBUG]  Adding following selector key to message property: default
2025-02-07 14:14:50,091 [DEBUG]  Node 'run_FallbackClassifier8' running 'FallbackClassifier.process'.
2025-02-07 14:14:50,091 [DEBUG]  Node 'domain_provider' running 'DomainProvider.provide_inference'.
2025-02-07 14:14:50,091 [DEBUG]  Node 'run_RegexMessageHandler' running 'RegexMessageHandler.process'.
2025-02-07 14:14:50,092 [DEBUG]  [[32m[1mdebug    [0m] [1mprocessor.message.parse       [0m [36mparse_data_entities[0m=[35m[][0m [36mparse_data_intent[0m=[35m{'name': 'affirm', 'confidence': 0.9999788999557495}[0m [36mparse_data_text[0m=[35mда[0m
2025-02-07 14:14:50,092 [DEBUG]  Logged UserUtterance - tracker now has 10 events.
2025-02-07 14:14:50,092 [DEBUG]  Validating extracted slots: topic
2025-02-07 14:14:50,092 [DEBUG]  [[32m[1mdebug    [0m] [1mprocessor.extract.slots       [0m [36maction_extract_slot[0m=[35maction_extract_slots[0m [36mlen_extraction_events[0m=[35m1[0m [36mrasa_events[0m=[35m[SlotSet(key: topic, value: да)][0m
2025-02-07 14:14:50,093 [DEBUG]  Running graph with inputs: {'__tracker__': <rasa.shared.core.trackers.DialogueStateTracker object at 0x7a3aee361d80>}, targets: ['select_prediction'] and ExecutionContext(model_id='a524a5dbdcb84741b6ad4b7d0d3bf356', should_add_diagnostic_data=False, is_finetuning=False, node_name=None).
2025-02-07 14:14:50,093 [DEBUG]  Node 'rule_only_data_provider' running 'RuleOnlyDataProvider.provide'.
2025-02-07 14:14:50,093 [DEBUG]  Node 'domain_provider' running 'DomainProvider.provide_inference'.
2025-02-07 14:14:50,093 [DEBUG]  Node 'run_MemoizationPolicy0' running 'MemoizationPolicy.predict_action_probabilities'.
2025-02-07 14:14:50,093 [DEBUG]  [[32m[1mdebug    [0m] [1mmemoization.predict.actions   [0m [36mtracker_states[0m=[35m[{}, {'user': {'intent': 'greet'}, 'prev_action': {'action_name': 'action_listen'}}, {'user': {'intent': 'greet'}, 'prev_action': {'action_name': 'utter_greet'}}, {'user': {'intent': 'affirm'}, 'prev_action': {'action_name': 'action_listen'}}][0m
2025-02-07 14:14:50,094 [DEBUG]  There is no memorised next action
2025-02-07 14:14:50,094 [DEBUG]  Node 'run_RulePolicy1' running 'RulePolicy.predict_action_probabilities'.
2025-02-07 14:14:50,094 [DEBUG]  [[32m[1mdebug    [0m] [1mrule_policy.actions.find      [0m [36mcurrent_states[0m=[35m
[state 1] user intent: greet | previous action name: action_listen
[state 2] user intent: greet | previous action name: utter_greet
[state 3] user text: да | previous action name: action_listen[0m
2025-02-07 14:14:50,094 [DEBUG]  There is no applicable rule.
2025-02-07 14:14:50,095 [DEBUG]  [[32m[1mdebug    [0m] [1mrule_policy.actions.find      [0m [36mcurrent_states[0m=[35m
[state 1] user intent: greet | previous action name: action_listen
[state 2] user intent: greet | previous action name: utter_greet
[state 3] user intent: affirm | previous action name: action_listen[0m
2025-02-07 14:14:50,095 [DEBUG]  There is no applicable rule.
2025-02-07 14:14:50,095 [DEBUG]  Node 'run_TEDPolicy3' running 'TEDPolicy.predict_action_probabilities'.
2025-02-07 14:14:50,099 [DEBUG]  TED predicted 'utter_ask_more' based on user intent.
2025-02-07 14:14:50,099 [DEBUG]  Node 'run_UnexpecTEDIntentPolicy2' running 'UnexpecTEDIntentPolicy.predict_action_probabilities'.
2025-02-07 14:14:50,102 [DEBUG]  Querying for intent `affirm`.
2025-02-07 14:14:50,102 [DEBUG]  Query intent index 0 not found in label thresholds - {1: -1.4479461, 4: -1.6320249, 5: -1.8915715, 9: -2.2233813}. Check for `action_unlikely_intent` prediction will be skipped.
2025-02-07 14:14:50,103 [DEBUG]  Node 'select_prediction' running 'DefaultPolicyPredictionEnsemble.combine_predictions_from_kwargs'.
2025-02-07 14:14:50,103 [DEBUG]  Made prediction using user intent.
2025-02-07 14:14:50,103 [DEBUG]  Added `DefinePrevUserUtteredFeaturization(False)` event.
2025-02-07 14:14:50,103 [DEBUG]  Predicted next action using TEDPolicy.
2025-02-07 14:14:50,103 [DEBUG]  Predicted next action 'utter_ask_more' with confidence 0.59.
2025-02-07 14:14:50,103 [DEBUG]  [[32m[1mdebug    [0m] [1mprocessor.actions.policy_prediction[0m [36mprediction_events[0m=[35m[<rasa.shared.core.events.DefinePrevUserUtteredFeaturization object at 0x7a3aee3fe110>][0m
2025-02-07 14:14:50,104 [DEBUG]  [[32m[1mdebug    [0m] [1mprocessor.actions.log         [0m [36maction_name[0m=[35mutter_ask_more[0m [36mrasa_events[0m=[35m[BotUttered('Что именно вас интересует в архитектуре программного обеспечения?', {"elements": null, "quick_replies": null, "buttons": null, "attachment": null, "image": null, "custom": null}, {"utter_action": "utter_ask_more"}, 1738926890.1038036)][0m
2025-02-07 14:14:50,104 [DEBUG]  Running graph with inputs: {'__tracker__': <rasa.shared.core.trackers.DialogueStateTracker object at 0x7a3aee361d80>}, targets: ['select_prediction'] and ExecutionContext(model_id='a524a5dbdcb84741b6ad4b7d0d3bf356', should_add_diagnostic_data=False, is_finetuning=False, node_name=None).
2025-02-07 14:14:50,104 [DEBUG]  Node 'rule_only_data_provider' running 'RuleOnlyDataProvider.provide'.
2025-02-07 14:14:50,104 [DEBUG]  Node 'domain_provider' running 'DomainProvider.provide_inference'.
2025-02-07 14:14:50,104 [DEBUG]  Node 'run_MemoizationPolicy0' running 'MemoizationPolicy.predict_action_probabilities'.
2025-02-07 14:14:50,105 [DEBUG]  [[32m[1mdebug    [0m] [1mmemoization.predict.actions   [0m [36mtracker_states[0m=[35m[{}, {'user': {'intent': 'greet'}, 'prev_action': {'action_name': 'action_listen'}}, {'user': {'intent': 'greet'}, 'prev_action': {'action_name': 'utter_greet'}}, {'user': {'intent': 'affirm'}, 'prev_action': {'action_name': 'action_listen'}}, {'user': {'intent': 'affirm'}, 'prev_action': {'action_name': 'utter_ask_more'}}][0m
2025-02-07 14:14:50,105 [DEBUG]  There is no memorised next action
2025-02-07 14:14:50,105 [DEBUG]  Node 'run_RulePolicy1' running 'RulePolicy.predict_action_probabilities'.
2025-02-07 14:14:50,105 [DEBUG]  [[32m[1mdebug    [0m] [1mrule_policy.actions.find      [0m [36mcurrent_states[0m=[35m
[state 1] user intent: greet | previous action name: action_listen
[state 2] user intent: greet | previous action name: utter_greet
[state 3] user intent: affirm | previous action name: action_listen
[state 4] user intent: affirm | previous action name: utter_ask_more[0m
2025-02-07 14:14:50,106 [DEBUG]  There is no applicable rule.
2025-02-07 14:14:50,106 [DEBUG]  Node 'run_TEDPolicy3' running 'TEDPolicy.predict_action_probabilities'.
2025-02-07 14:14:50,110 [DEBUG]  TED predicted 'action_listen' based on user intent.
2025-02-07 14:14:50,110 [DEBUG]  Node 'run_UnexpecTEDIntentPolicy2' running 'UnexpecTEDIntentPolicy.predict_action_probabilities'.
2025-02-07 14:14:50,110 [DEBUG]  Skipping predictions for UnexpecTEDIntentPolicy as either there is no event of type `UserUttered`, event's intent is new and not in domain or there is an event of type `ActionExecuted` after the last `UserUttered`.
2025-02-07 14:14:50,110 [DEBUG]  Node 'select_prediction' running 'DefaultPolicyPredictionEnsemble.combine_predictions_from_kwargs'.
2025-02-07 14:14:50,111 [DEBUG]  Predicted next action using TEDPolicy.
2025-02-07 14:14:50,111 [DEBUG]  Predicted next action 'action_listen' with confidence 1.00.
2025-02-07 14:14:50,111 [DEBUG]  [[32m[1mdebug    [0m] [1mprocessor.actions.policy_prediction[0m [36mprediction_events[0m=[35m[][0m
2025-02-07 14:14:50,111 [DEBUG]  [[32m[1mdebug    [0m] [1mprocessor.actions.log         [0m [36maction_name[0m=[35maction_listen[0m [36mrasa_events[0m=[35m[][0m
2025-02-07 14:14:50,111 [DEBUG]  No event broker configured. Skipping streaming events.
2025-02-07 14:14:50,111 [DEBUG]  Deleted lock for conversation 'PractikumStudent'.
2025-02-07 14:15:03,325 [DEBUG]  Issuing ticket for conversation 'PractikumStudent'.
2025-02-07 14:15:03,325 [DEBUG]  Acquiring lock for conversation 'PractikumStudent'.
2025-02-07 14:15:03,325 [DEBUG]  Acquired lock for conversation 'PractikumStudent'.
2025-02-07 14:15:03,325 [DEBUG]  Recreating tracker for id 'PractikumStudent'
2025-02-07 14:15:03,326 [DEBUG]  Running graph with inputs: {'__message__': [<rasa.core.channels.channel.UserMessage object at 0x7a3aeed08dc0>], '__tracker__': <rasa.shared.core.trackers.DialogueStateTracker object at 0x7a3aee361d80>}, targets: ['run_RegexMessageHandler'] and ExecutionContext(model_id='a524a5dbdcb84741b6ad4b7d0d3bf356', should_add_diagnostic_data=False, is_finetuning=False, node_name=None).
2025-02-07 14:15:03,326 [DEBUG]  Node 'nlu_message_converter' running 'NLUMessageConverter.convert_user_message'.
2025-02-07 14:15:03,326 [DEBUG]  Node 'run_WhitespaceTokenizer0' running 'WhitespaceTokenizer.process'.
2025-02-07 14:15:03,327 [DEBUG]  Node 'run_RegexFeaturizer1' running 'RegexFeaturizer.process'.
2025-02-07 14:15:03,327 [DEBUG]  Node 'run_LexicalSyntacticFeaturizer2' running 'LexicalSyntacticFeaturizer.process'.
2025-02-07 14:15:03,327 [DEBUG]  Node 'run_CountVectorsFeaturizer3' running 'CountVectorsFeaturizer.process'.
2025-02-07 14:15:03,328 [DEBUG]  Node 'run_CountVectorsFeaturizer4' running 'CountVectorsFeaturizer.process'.
2025-02-07 14:15:03,328 [DEBUG]  Node 'run_DIETClassifier5' running 'DIETClassifier.process'.
2025-02-07 14:15:03,335 [DEBUG]  Node 'run_EntitySynonymMapper6' running 'EntitySynonymMapper.process'.
2025-02-07 14:15:03,335 [DEBUG]  Node 'run_ResponseSelector7' running 'ResponseSelector.process'.
2025-02-07 14:15:03,335 [DEBUG]  There is no trained model for 'ResponseSelector': The component is either not trained or didn't receive enough training data.
2025-02-07 14:15:03,335 [DEBUG]  Adding following selector key to message property: default
2025-02-07 14:15:03,335 [DEBUG]  Node 'run_FallbackClassifier8' running 'FallbackClassifier.process'.
2025-02-07 14:15:03,335 [DEBUG]  Node 'domain_provider' running 'DomainProvider.provide_inference'.
2025-02-07 14:15:03,335 [DEBUG]  Node 'run_RegexMessageHandler' running 'RegexMessageHandler.process'.
2025-02-07 14:15:03,336 [DEBUG]  [[32m[1mdebug    [0m] [1mprocessor.message.parse       [0m [36mparse_data_entities[0m=[35m[][0m [36mparse_data_intent[0m=[35m{'name': 'ask_architecture', 'confidence': 0.7601038813591003}[0m [36mparse_data_text[0m=[35mрасскажи о проектах и задачах[0m
2025-02-07 14:15:03,336 [DEBUG]  Logged UserUtterance - tracker now has 16 events.
2025-02-07 14:15:03,336 [DEBUG]  Validating extracted slots: topic
2025-02-07 14:15:03,336 [DEBUG]  [[32m[1mdebug    [0m] [1mprocessor.extract.slots       [0m [36maction_extract_slot[0m=[35maction_extract_slots[0m [36mlen_extraction_events[0m=[35m1[0m [36mrasa_events[0m=[35m[SlotSet(key: topic, value: расскажи о проектах и задачах)][0m
2025-02-07 14:15:03,336 [DEBUG]  Running graph with inputs: {'__tracker__': <rasa.shared.core.trackers.DialogueStateTracker object at 0x7a3aee361d80>}, targets: ['select_prediction'] and ExecutionContext(model_id='a524a5dbdcb84741b6ad4b7d0d3bf356', should_add_diagnostic_data=False, is_finetuning=False, node_name=None).
2025-02-07 14:15:03,337 [DEBUG]  Node 'rule_only_data_provider' running 'RuleOnlyDataProvider.provide'.
2025-02-07 14:15:03,337 [DEBUG]  Node 'domain_provider' running 'DomainProvider.provide_inference'.
2025-02-07 14:15:03,337 [DEBUG]  Node 'run_MemoizationPolicy0' running 'MemoizationPolicy.predict_action_probabilities'.
2025-02-07 14:15:03,337 [DEBUG]  [[32m[1mdebug    [0m] [1mmemoization.predict.actions   [0m [36mtracker_states[0m=[35m[{}, {'user': {'intent': 'greet'}, 'prev_action': {'action_name': 'action_listen'}}, {'user': {'intent': 'greet'}, 'prev_action': {'action_name': 'utter_greet'}}, {'user': {'intent': 'affirm'}, 'prev_action': {'action_name': 'action_listen'}}, {'user': {'intent': 'affirm'}, 'prev_action': {'action_name': 'utter_ask_more'}}, {'user': {'intent': 'ask_architecture'}, 'prev_action': {'action_name': 'action_listen'}}][0m
2025-02-07 14:15:03,337 [DEBUG]  There is no memorised next action
2025-02-07 14:15:03,338 [DEBUG]  Node 'run_RulePolicy1' running 'RulePolicy.predict_action_probabilities'.
2025-02-07 14:15:03,338 [DEBUG]  [[32m[1mdebug    [0m] [1mrule_policy.actions.find      [0m [36mcurrent_states[0m=[35m
[state 1] user intent: greet | previous action name: action_listen
[state 2] user intent: greet | previous action name: utter_greet
[state 3] user intent: affirm | previous action name: action_listen
[state 4] user intent: affirm | previous action name: utter_ask_more
[state 5] user text: расскажи о проектах и задачах | previous action name: action_listen[0m
2025-02-07 14:15:03,338 [DEBUG]  There is no applicable rule.
2025-02-07 14:15:03,338 [DEBUG]  [[32m[1mdebug    [0m] [1mrule_policy.actions.find      [0m [36mcurrent_states[0m=[35m
[state 1] user intent: greet | previous action name: action_listen
[state 2] user intent: greet | previous action name: utter_greet
[state 3] user intent: affirm | previous action name: action_listen
[state 4] user intent: affirm | previous action name: utter_ask_more
[state 5] user intent: ask_architecture | previous action name: action_listen[0m
2025-02-07 14:15:03,338 [DEBUG]  There is a rule for the next action 'utter_architecture_response'.
2025-02-07 14:15:03,339 [DEBUG]  Node 'run_TEDPolicy3' running 'TEDPolicy.predict_action_probabilities'.
2025-02-07 14:15:03,343 [DEBUG]  TED predicted 'utter_architecture_response' based on user intent.
2025-02-07 14:15:03,343 [DEBUG]  Node 'run_UnexpecTEDIntentPolicy2' running 'UnexpecTEDIntentPolicy.predict_action_probabilities'.
2025-02-07 14:15:03,348 [DEBUG]  Querying for intent `ask_architecture`.
2025-02-07 14:15:03,348 [DEBUG]  Score for intent `ask_architecture` is `-1.5522780418395996`, while threshold is `-1.4479460716247559`.
2025-02-07 14:15:03,348 [DEBUG]  Top 5 intents (in ascending order) that are likely here are: `[('deny', -1.5396931), ('back', -1.3744521), ('greet', 1.5587673), ('goodbye', 1.6384991), ('request_info', 1.824772)]`.
2025-02-07 14:15:03,348 [DEBUG]  Intent `ask_architecture-1` unlikely to occur here.
2025-02-07 14:15:03,348 [DEBUG]  Node 'select_prediction' running 'DefaultPolicyPredictionEnsemble.combine_predictions_from_kwargs'.
2025-02-07 14:15:03,348 [DEBUG]  Made prediction using user intent.
2025-02-07 14:15:03,348 [DEBUG]  Added `DefinePrevUserUtteredFeaturization(False)` event.
2025-02-07 14:15:03,348 [DEBUG]  Predicted next action using RulePolicy.
2025-02-07 14:15:03,348 [DEBUG]  Predicted next action 'utter_architecture_response' with confidence 1.00.
2025-02-07 14:15:03,349 [DEBUG]  [[32m[1mdebug    [0m] [1mprocessor.actions.policy_prediction[0m [36mprediction_events[0m=[35m[<rasa.shared.core.events.DefinePrevUserUtteredFeaturization object at 0x7a3aee3fe920>][0m
2025-02-07 14:15:03,349 [DEBUG]  [[32m[1mdebug    [0m] [1mprocessor.actions.log         [0m [36maction_name[0m=[35mutter_architecture_response[0m [36mrasa_events[0m=[35m[BotUttered('Архитектура ПО включает выбор структур, которые обеспечивают масштабируемость, гибкость и поддерживаемость приложения. Задайте конкретный вопрос по этой теме, и я помогу вам с информацией. Микросервисная архитектура разбивает систему на небольшие, независимые сервисы, которые взаимодействуют друг с другом. Она повышает масштабируемость и отказоустойчивость. Хотите примеры? Монолитная архитектура объединяет все компоненты приложения в единое целое. Это может упростить разработку, но усложнить масштабирование. Хотите примеры?', {"elements": null, "quick_replies": null, "buttons": null, "attachment": null, "image": null, "custom": null}, {"utter_action": "utter_architecture_response"}, 1738926903.3492396)][0m
2025-02-07 14:15:03,349 [DEBUG]  Running graph with inputs: {'__tracker__': <rasa.shared.core.trackers.DialogueStateTracker object at 0x7a3aee361d80>}, targets: ['select_prediction'] and ExecutionContext(model_id='a524a5dbdcb84741b6ad4b7d0d3bf356', should_add_diagnostic_data=False, is_finetuning=False, node_name=None).
2025-02-07 14:15:03,350 [DEBUG]  Node 'rule_only_data_provider' running 'RuleOnlyDataProvider.provide'.
2025-02-07 14:15:03,350 [DEBUG]  Node 'domain_provider' running 'DomainProvider.provide_inference'.
2025-02-07 14:15:03,350 [DEBUG]  Node 'run_MemoizationPolicy0' running 'MemoizationPolicy.predict_action_probabilities'.
2025-02-07 14:15:03,350 [DEBUG]  [[32m[1mdebug    [0m] [1mmemoization.predict.actions   [0m [36mtracker_states[0m=[35m[{}, {'user': {'intent': 'greet'}, 'prev_action': {'action_name': 'action_listen'}}, {'user': {'intent': 'greet'}, 'prev_action': {'action_name': 'utter_greet'}}, {'user': {'intent': 'affirm'}, 'prev_action': {'action_name': 'action_listen'}}, {'user': {'intent': 'affirm'}, 'prev_action': {'action_name': 'utter_ask_more'}}, {'user': {'intent': 'ask_architecture'}, 'prev_action': {'action_name': 'action_listen'}}, {'user': {'intent': 'ask_architecture'}, 'prev_action': {'action_name': 'utter_architecture_response'}}][0m
2025-02-07 14:15:03,350 [DEBUG]  There is no memorised next action
2025-02-07 14:15:03,350 [DEBUG]  Node 'run_RulePolicy1' running 'RulePolicy.predict_action_probabilities'.
2025-02-07 14:15:03,351 [DEBUG]  [[32m[1mdebug    [0m] [1mrule_policy.actions.find      [0m [36mcurrent_states[0m=[35m
[state 1] user intent: greet | previous action name: action_listen
[state 2] user intent: greet | previous action name: utter_greet
[state 3] user intent: affirm | previous action name: action_listen
[state 4] user intent: affirm | previous action name: utter_ask_more
[state 5] user intent: ask_architecture | previous action name: action_listen
[state 6] user intent: ask_architecture | previous action name: utter_architecture_response[0m
2025-02-07 14:15:03,351 [DEBUG]  There is a rule for the next action 'action_listen'.
2025-02-07 14:15:03,351 [DEBUG]  Node 'run_TEDPolicy3' running 'TEDPolicy.predict_action_probabilities'.
2025-02-07 14:15:03,354 [DEBUG]  TED predicted 'action_listen' based on user intent.
2025-02-07 14:15:03,355 [DEBUG]  Node 'run_UnexpecTEDIntentPolicy2' running 'UnexpecTEDIntentPolicy.predict_action_probabilities'.
2025-02-07 14:15:03,355 [DEBUG]  Skipping predictions for UnexpecTEDIntentPolicy as either there is no event of type `UserUttered`, event's intent is new and not in domain or there is an event of type `ActionExecuted` after the last `UserUttered`.
2025-02-07 14:15:03,355 [DEBUG]  Node 'select_prediction' running 'DefaultPolicyPredictionEnsemble.combine_predictions_from_kwargs'.
2025-02-07 14:15:03,355 [DEBUG]  Predicted next action using RulePolicy.
2025-02-07 14:15:03,355 [DEBUG]  Predicted next action 'action_listen' with confidence 1.00.
2025-02-07 14:15:03,355 [DEBUG]  [[32m[1mdebug    [0m] [1mprocessor.actions.policy_prediction[0m [36mprediction_events[0m=[35m[][0m
2025-02-07 14:15:03,355 [DEBUG]  [[32m[1mdebug    [0m] [1mprocessor.actions.log         [0m [36maction_name[0m=[35maction_listen[0m [36mrasa_events[0m=[35m[][0m
2025-02-07 14:15:03,355 [DEBUG]  No event broker configured. Skipping streaming events.
2025-02-07 14:15:03,356 [DEBUG]  Deleted lock for conversation 'PractikumStudent'.
2025-02-07 14:15:27,268 [DEBUG]  Issuing ticket for conversation 'PractikumStudent'.
2025-02-07 14:15:27,269 [DEBUG]  Acquiring lock for conversation 'PractikumStudent'.
2025-02-07 14:15:27,269 [DEBUG]  Acquired lock for conversation 'PractikumStudent'.
2025-02-07 14:15:27,269 [DEBUG]  Recreating tracker for id 'PractikumStudent'
2025-02-07 14:15:27,270 [DEBUG]  Running graph with inputs: {'__message__': [<rasa.core.channels.channel.UserMessage object at 0x7a3aeed08dc0>], '__tracker__': <rasa.shared.core.trackers.DialogueStateTracker object at 0x7a3aee361d80>}, targets: ['run_RegexMessageHandler'] and ExecutionContext(model_id='a524a5dbdcb84741b6ad4b7d0d3bf356', should_add_diagnostic_data=False, is_finetuning=False, node_name=None).
2025-02-07 14:15:27,270 [DEBUG]  Node 'nlu_message_converter' running 'NLUMessageConverter.convert_user_message'.
2025-02-07 14:15:27,271 [DEBUG]  Node 'run_WhitespaceTokenizer0' running 'WhitespaceTokenizer.process'.
2025-02-07 14:15:27,271 [DEBUG]  Node 'run_RegexFeaturizer1' running 'RegexFeaturizer.process'.
2025-02-07 14:15:27,271 [DEBUG]  Node 'run_LexicalSyntacticFeaturizer2' running 'LexicalSyntacticFeaturizer.process'.
2025-02-07 14:15:27,271 [DEBUG]  Node 'run_CountVectorsFeaturizer3' running 'CountVectorsFeaturizer.process'.
2025-02-07 14:15:27,272 [DEBUG]  Node 'run_CountVectorsFeaturizer4' running 'CountVectorsFeaturizer.process'.
2025-02-07 14:15:27,272 [DEBUG]  Node 'run_DIETClassifier5' running 'DIETClassifier.process'.
2025-02-07 14:15:27,278 [DEBUG]  Node 'run_EntitySynonymMapper6' running 'EntitySynonymMapper.process'.
2025-02-07 14:15:27,278 [DEBUG]  Node 'run_ResponseSelector7' running 'ResponseSelector.process'.
2025-02-07 14:15:27,278 [DEBUG]  There is no trained model for 'ResponseSelector': The component is either not trained or didn't receive enough training data.
2025-02-07 14:15:27,279 [DEBUG]  Adding following selector key to message property: default
2025-02-07 14:15:27,279 [DEBUG]  Node 'run_FallbackClassifier8' running 'FallbackClassifier.process'.
2025-02-07 14:15:27,279 [DEBUG]  Node 'domain_provider' running 'DomainProvider.provide_inference'.
2025-02-07 14:15:27,279 [DEBUG]  Node 'run_RegexMessageHandler' running 'RegexMessageHandler.process'.
2025-02-07 14:15:27,279 [DEBUG]  [[32m[1mdebug    [0m] [1mprocessor.message.parse       [0m [36mparse_data_entities[0m=[35m[][0m [36mparse_data_intent[0m=[35m{'name': 'goodbye', 'confidence': 0.9760413765907288}[0m [36mparse_data_text[0m=[35mа подробнее[0m
2025-02-07 14:15:27,280 [DEBUG]  Logged UserUtterance - tracker now has 22 events.
2025-02-07 14:15:27,280 [DEBUG]  Validating extracted slots: topic
2025-02-07 14:15:27,280 [DEBUG]  [[32m[1mdebug    [0m] [1mprocessor.extract.slots       [0m [36maction_extract_slot[0m=[35maction_extract_slots[0m [36mlen_extraction_events[0m=[35m1[0m [36mrasa_events[0m=[35m[SlotSet(key: topic, value: а подробнее)][0m
2025-02-07 14:15:27,280 [DEBUG]  Running graph with inputs: {'__tracker__': <rasa.shared.core.trackers.DialogueStateTracker object at 0x7a3aee361d80>}, targets: ['select_prediction'] and ExecutionContext(model_id='a524a5dbdcb84741b6ad4b7d0d3bf356', should_add_diagnostic_data=False, is_finetuning=False, node_name=None).
2025-02-07 14:15:27,280 [DEBUG]  Node 'rule_only_data_provider' running 'RuleOnlyDataProvider.provide'.
2025-02-07 14:15:27,280 [DEBUG]  Node 'domain_provider' running 'DomainProvider.provide_inference'.
2025-02-07 14:15:27,281 [DEBUG]  Node 'run_MemoizationPolicy0' running 'MemoizationPolicy.predict_action_probabilities'.
2025-02-07 14:15:27,281 [DEBUG]  [[32m[1mdebug    [0m] [1mmemoization.predict.actions   [0m [36mtracker_states[0m=[35m[{}, {'user': {'intent': 'greet'}, 'prev_action': {'action_name': 'action_listen'}}, {'user': {'intent': 'greet'}, 'prev_action': {'action_name': 'utter_greet'}}, {'user': {'intent': 'affirm'}, 'prev_action': {'action_name': 'action_listen'}}, {'user': {'intent': 'affirm'}, 'prev_action': {'action_name': 'utter_ask_more'}}, {'user': {'intent': 'ask_architecture'}, 'prev_action': {'action_name': 'action_listen'}}, {'user': {'intent': 'ask_architecture'}, 'prev_action': {'action_name': 'utter_architecture_response'}}, {'user': {'intent': 'goodbye'}, 'prev_action': {'action_name': 'action_listen'}}][0m
2025-02-07 14:15:27,281 [DEBUG]  There is no memorised next action
2025-02-07 14:15:27,281 [DEBUG]  Node 'run_RulePolicy1' running 'RulePolicy.predict_action_probabilities'.
2025-02-07 14:15:27,282 [DEBUG]  [[32m[1mdebug    [0m] [1mrule_policy.actions.find      [0m [36mcurrent_states[0m=[35m
[state 1] user intent: greet | previous action name: action_listen
[state 2] user intent: greet | previous action name: utter_greet
[state 3] user intent: affirm | previous action name: action_listen
[state 4] user intent: affirm | previous action name: utter_ask_more
[state 5] user intent: ask_architecture | previous action name: action_listen
[state 6] user intent: ask_architecture | previous action name: utter_architecture_response
[state 7] user text: а подробнее | previous action name: action_listen[0m
2025-02-07 14:15:27,282 [DEBUG]  There is no applicable rule.
2025-02-07 14:15:27,282 [DEBUG]  [[32m[1mdebug    [0m] [1mrule_policy.actions.find      [0m [36mcurrent_states[0m=[35m
[state 1] user intent: greet | previous action name: action_listen
[state 2] user intent: greet | previous action name: utter_greet
[state 3] user intent: affirm | previous action name: action_listen
[state 4] user intent: affirm | previous action name: utter_ask_more
[state 5] user intent: ask_architecture | previous action name: action_listen
[state 6] user intent: ask_architecture | previous action name: utter_architecture_response
[state 7] user intent: goodbye | previous action name: action_listen[0m
2025-02-07 14:15:27,282 [DEBUG]  There is a rule for the next action 'utter_goodbye'.
2025-02-07 14:15:27,282 [DEBUG]  Node 'run_TEDPolicy3' running 'TEDPolicy.predict_action_probabilities'.
2025-02-07 14:15:27,287 [DEBUG]  TED predicted 'utter_goodbye' based on user intent.
2025-02-07 14:15:27,287 [DEBUG]  Node 'run_UnexpecTEDIntentPolicy2' running 'UnexpecTEDIntentPolicy.predict_action_probabilities'.
2025-02-07 14:15:27,291 [DEBUG]  Querying for intent `goodbye`.
2025-02-07 14:15:27,291 [DEBUG]  Score for intent `goodbye` is `1.6571403741836548`, while threshold is `-1.632024884223938`.
2025-02-07 14:15:27,291 [DEBUG]  Top 5 intents (in ascending order) that are likely here are: `[('deny', -1.4982455), ('back', -1.3782619), ('greet', 1.5726463), ('goodbye', 1.6571404), ('request_info', 1.8334498)]`.
2025-02-07 14:15:27,291 [DEBUG]  Node 'select_prediction' running 'DefaultPolicyPredictionEnsemble.combine_predictions_from_kwargs'.
2025-02-07 14:15:27,291 [DEBUG]  Made prediction using user intent.
2025-02-07 14:15:27,291 [DEBUG]  Added `DefinePrevUserUtteredFeaturization(False)` event.
2025-02-07 14:15:27,291 [DEBUG]  Predicted next action using RulePolicy.
2025-02-07 14:15:27,292 [DEBUG]  Predicted next action 'utter_goodbye' with confidence 1.00.
2025-02-07 14:15:27,292 [DEBUG]  [[32m[1mdebug    [0m] [1mprocessor.actions.policy_prediction[0m [36mprediction_events[0m=[35m[<rasa.shared.core.events.DefinePrevUserUtteredFeaturization object at 0x7a3aee3fe500>][0m
2025-02-07 14:15:27,292 [DEBUG]  [[32m[1mdebug    [0m] [1mprocessor.actions.log         [0m [36maction_name[0m=[35mutter_goodbye[0m [36mrasa_events[0m=[35m[BotUttered('До свидания! Если появятся вопросы по архитектуре ПО, обращайтесь.', {"elements": null, "quick_replies": null, "buttons": null, "attachment": null, "image": null, "custom": null}, {"utter_action": "utter_goodbye"}, 1738926927.2923014)][0m
2025-02-07 14:15:27,292 [DEBUG]  Running graph with inputs: {'__tracker__': <rasa.shared.core.trackers.DialogueStateTracker object at 0x7a3aee361d80>}, targets: ['select_prediction'] and ExecutionContext(model_id='a524a5dbdcb84741b6ad4b7d0d3bf356', should_add_diagnostic_data=False, is_finetuning=False, node_name=None).
2025-02-07 14:15:27,293 [DEBUG]  Node 'rule_only_data_provider' running 'RuleOnlyDataProvider.provide'.
2025-02-07 14:15:27,293 [DEBUG]  Node 'domain_provider' running 'DomainProvider.provide_inference'.
2025-02-07 14:15:27,293 [DEBUG]  Node 'run_MemoizationPolicy0' running 'MemoizationPolicy.predict_action_probabilities'.
2025-02-07 14:15:27,293 [DEBUG]  [[32m[1mdebug    [0m] [1mmemoization.predict.actions   [0m [36mtracker_states[0m=[35m[{}, {'user': {'intent': 'greet'}, 'prev_action': {'action_name': 'action_listen'}}, {'user': {'intent': 'greet'}, 'prev_action': {'action_name': 'utter_greet'}}, {'user': {'intent': 'affirm'}, 'prev_action': {'action_name': 'action_listen'}}, {'user': {'intent': 'affirm'}, 'prev_action': {'action_name': 'utter_ask_more'}}, {'user': {'intent': 'ask_architecture'}, 'prev_action': {'action_name': 'action_listen'}}, {'user': {'intent': 'ask_architecture'}, 'prev_action': {'action_name': 'utter_architecture_response'}}, {'user': {'intent': 'goodbye'}, 'prev_action': {'action_name': 'action_listen'}}, {'user': {'intent': 'goodbye'}, 'prev_action': {'action_name': 'utter_goodbye'}}][0m
2025-02-07 14:15:27,293 [DEBUG]  There is no memorised next action
2025-02-07 14:15:27,293 [DEBUG]  Node 'run_RulePolicy1' running 'RulePolicy.predict_action_probabilities'.
2025-02-07 14:15:27,294 [DEBUG]  [[32m[1mdebug    [0m] [1mrule_policy.actions.find      [0m [36mcurrent_states[0m=[35m
[state 1] user intent: greet | previous action name: action_listen
[state 2] user intent: greet | previous action name: utter_greet
[state 3] user intent: affirm | previous action name: action_listen
[state 4] user intent: affirm | previous action name: utter_ask_more
[state 5] user intent: ask_architecture | previous action name: action_listen
[state 6] user intent: ask_architecture | previous action name: utter_architecture_response
[state 7] user intent: goodbye | previous action name: action_listen
[state 8] user intent: goodbye | previous action name: utter_goodbye[0m
2025-02-07 14:15:27,294 [DEBUG]  There is a rule for the next action 'action_listen'.
2025-02-07 14:15:27,294 [DEBUG]  Node 'run_TEDPolicy3' running 'TEDPolicy.predict_action_probabilities'.
2025-02-07 14:15:27,298 [DEBUG]  TED predicted 'action_listen' based on user intent.
2025-02-07 14:15:27,298 [DEBUG]  Node 'run_UnexpecTEDIntentPolicy2' running 'UnexpecTEDIntentPolicy.predict_action_probabilities'.
2025-02-07 14:15:27,298 [DEBUG]  Skipping predictions for UnexpecTEDIntentPolicy as either there is no event of type `UserUttered`, event's intent is new and not in domain or there is an event of type `ActionExecuted` after the last `UserUttered`.
2025-02-07 14:15:27,298 [DEBUG]  Node 'select_prediction' running 'DefaultPolicyPredictionEnsemble.combine_predictions_from_kwargs'.
2025-02-07 14:15:27,299 [DEBUG]  Predicted next action using RulePolicy.
2025-02-07 14:15:27,299 [DEBUG]  Predicted next action 'action_listen' with confidence 1.00.
2025-02-07 14:15:27,299 [DEBUG]  [[32m[1mdebug    [0m] [1mprocessor.actions.policy_prediction[0m [36mprediction_events[0m=[35m[][0m
2025-02-07 14:15:27,299 [DEBUG]  [[32m[1mdebug    [0m] [1mprocessor.actions.log         [0m [36maction_name[0m=[35maction_listen[0m [36mrasa_events[0m=[35m[][0m
2025-02-07 14:15:27,299 [DEBUG]  No event broker configured. Skipping streaming events.
2025-02-07 14:15:27,300 [DEBUG]  Deleted lock for conversation 'PractikumStudent'.
2025-02-07 14:15:32,178 [DEBUG]  Issuing ticket for conversation 'PractikumStudent'.
2025-02-07 14:15:32,179 [DEBUG]  Acquiring lock for conversation 'PractikumStudent'.
2025-02-07 14:15:32,179 [DEBUG]  Acquired lock for conversation 'PractikumStudent'.
2025-02-07 14:15:32,179 [DEBUG]  Recreating tracker for id 'PractikumStudent'
2025-02-07 14:15:32,181 [DEBUG]  Running graph with inputs: {'__message__': [<rasa.core.channels.channel.UserMessage object at 0x7a3aeed08dc0>], '__tracker__': <rasa.shared.core.trackers.DialogueStateTracker object at 0x7a3aee361d80>}, targets: ['run_RegexMessageHandler'] and ExecutionContext(model_id='a524a5dbdcb84741b6ad4b7d0d3bf356', should_add_diagnostic_data=False, is_finetuning=False, node_name=None).
2025-02-07 14:15:32,181 [DEBUG]  Node 'nlu_message_converter' running 'NLUMessageConverter.convert_user_message'.
2025-02-07 14:15:32,181 [DEBUG]  Node 'run_WhitespaceTokenizer0' running 'WhitespaceTokenizer.process'.
2025-02-07 14:15:32,181 [DEBUG]  Node 'run_RegexFeaturizer1' running 'RegexFeaturizer.process'.
2025-02-07 14:15:32,181 [DEBUG]  Node 'run_LexicalSyntacticFeaturizer2' running 'LexicalSyntacticFeaturizer.process'.
2025-02-07 14:15:32,182 [DEBUG]  Node 'run_CountVectorsFeaturizer3' running 'CountVectorsFeaturizer.process'.
2025-02-07 14:15:32,182 [DEBUG]  Node 'run_CountVectorsFeaturizer4' running 'CountVectorsFeaturizer.process'.
2025-02-07 14:15:32,183 [DEBUG]  Node 'run_DIETClassifier5' running 'DIETClassifier.process'.
2025-02-07 14:15:32,189 [DEBUG]  Node 'run_EntitySynonymMapper6' running 'EntitySynonymMapper.process'.
2025-02-07 14:15:32,189 [DEBUG]  Node 'run_ResponseSelector7' running 'ResponseSelector.process'.
2025-02-07 14:15:32,189 [DEBUG]  There is no trained model for 'ResponseSelector': The component is either not trained or didn't receive enough training data.
2025-02-07 14:15:32,190 [DEBUG]  Adding following selector key to message property: default
2025-02-07 14:15:32,190 [DEBUG]  Node 'run_FallbackClassifier8' running 'FallbackClassifier.process'.
2025-02-07 14:15:32,190 [DEBUG]  Node 'domain_provider' running 'DomainProvider.provide_inference'.
2025-02-07 14:15:32,190 [DEBUG]  Node 'run_RegexMessageHandler' running 'RegexMessageHandler.process'.
2025-02-07 14:15:32,190 [DEBUG]  [[32m[1mdebug    [0m] [1mprocessor.message.parse       [0m [36mparse_data_entities[0m=[35m[][0m [36mparse_data_intent[0m=[35m{'name': 'goodbye', 'confidence': 0.9999995231628418}[0m [36mparse_data_text[0m=[35mдо свидания[0m
2025-02-07 14:15:32,190 [DEBUG]  Logged UserUtterance - tracker now has 28 events.
2025-02-07 14:15:32,191 [DEBUG]  Validating extracted slots: topic
2025-02-07 14:15:32,191 [DEBUG]  [[32m[1mdebug    [0m] [1mprocessor.extract.slots       [0m [36maction_extract_slot[0m=[35maction_extract_slots[0m [36mlen_extraction_events[0m=[35m1[0m [36mrasa_events[0m=[35m[SlotSet(key: topic, value: до свидания)][0m
2025-02-07 14:15:32,191 [DEBUG]  Running graph with inputs: {'__tracker__': <rasa.shared.core.trackers.DialogueStateTracker object at 0x7a3aee361d80>}, targets: ['select_prediction'] and ExecutionContext(model_id='a524a5dbdcb84741b6ad4b7d0d3bf356', should_add_diagnostic_data=False, is_finetuning=False, node_name=None).
2025-02-07 14:15:32,191 [DEBUG]  Node 'rule_only_data_provider' running 'RuleOnlyDataProvider.provide'.
2025-02-07 14:15:32,191 [DEBUG]  Node 'domain_provider' running 'DomainProvider.provide_inference'.
2025-02-07 14:15:32,192 [DEBUG]  Node 'run_MemoizationPolicy0' running 'MemoizationPolicy.predict_action_probabilities'.
2025-02-07 14:15:32,192 [DEBUG]  [[32m[1mdebug    [0m] [1mmemoization.predict.actions   [0m [36mtracker_states[0m=[35m[{}, {'user': {'intent': 'greet'}, 'prev_action': {'action_name': 'action_listen'}}, {'user': {'intent': 'greet'}, 'prev_action': {'action_name': 'utter_greet'}}, {'user': {'intent': 'affirm'}, 'prev_action': {'action_name': 'action_listen'}}, {'user': {'intent': 'affirm'}, 'prev_action': {'action_name': 'utter_ask_more'}}, {'user': {'intent': 'ask_architecture'}, 'prev_action': {'action_name': 'action_listen'}}, {'user': {'intent': 'ask_architecture'}, 'prev_action': {'action_name': 'utter_architecture_response'}}, {'user': {'intent': 'goodbye'}, 'prev_action': {'action_name': 'action_listen'}}, {'user': {'intent': 'goodbye'}, 'prev_action': {'action_name': 'utter_goodbye'}}, {'user': {'intent': 'goodbye'}, 'prev_action': {'action_name': 'action_listen'}}][0m
2025-02-07 14:15:32,192 [DEBUG]  There is no memorised next action
2025-02-07 14:15:32,192 [DEBUG]  Node 'run_RulePolicy1' running 'RulePolicy.predict_action_probabilities'.
2025-02-07 14:15:32,193 [DEBUG]  [[32m[1mdebug    [0m] [1mrule_policy.actions.find      [0m [36mcurrent_states[0m=[35m
[state 1] user intent: greet | previous action name: action_listen
[state 2] user intent: greet | previous action name: utter_greet
[state 3] user intent: affirm | previous action name: action_listen
[state 4] user intent: affirm | previous action name: utter_ask_more
[state 5] user intent: ask_architecture | previous action name: action_listen
[state 6] user intent: ask_architecture | previous action name: utter_architecture_response
[state 7] user intent: goodbye | previous action name: action_listen
[state 8] user intent: goodbye | previous action name: utter_goodbye
[state 9] user text: до свидания | previous action name: action_listen[0m
2025-02-07 14:15:32,193 [DEBUG]  There is no applicable rule.
2025-02-07 14:15:32,193 [DEBUG]  [[32m[1mdebug    [0m] [1mrule_policy.actions.find      [0m [36mcurrent_states[0m=[35m
[state 1] user intent: greet | previous action name: action_listen
[state 2] user intent: greet | previous action name: utter_greet
[state 3] user intent: affirm | previous action name: action_listen
[state 4] user intent: affirm | previous action name: utter_ask_more
[state 5] user intent: ask_architecture | previous action name: action_listen
[state 6] user intent: ask_architecture | previous action name: utter_architecture_response
[state 7] user intent: goodbye | previous action name: action_listen
[state 8] user intent: goodbye | previous action name: utter_goodbye
[state 9] user intent: goodbye | previous action name: action_listen[0m
2025-02-07 14:15:32,193 [DEBUG]  There is a rule for the next action 'utter_goodbye'.
2025-02-07 14:15:32,194 [DEBUG]  Node 'run_TEDPolicy3' running 'TEDPolicy.predict_action_probabilities'.
2025-02-07 14:15:32,198 [DEBUG]  TED predicted 'utter_goodbye' based on user intent.
2025-02-07 14:15:32,198 [DEBUG]  Node 'run_UnexpecTEDIntentPolicy2' running 'UnexpecTEDIntentPolicy.predict_action_probabilities'.
2025-02-07 14:15:32,202 [DEBUG]  Querying for intent `goodbye`.
2025-02-07 14:15:32,202 [DEBUG]  Score for intent `goodbye` is `1.707976222038269`, while threshold is `-1.632024884223938`.
2025-02-07 14:15:32,202 [DEBUG]  Top 5 intents (in ascending order) that are likely here are: `[('deny', -1.4971665), ('back', -1.3463715), ('greet', 1.6042539), ('goodbye', 1.7079762), ('request_info', 1.8567872)]`.
2025-02-07 14:15:32,203 [DEBUG]  Node 'select_prediction' running 'DefaultPolicyPredictionEnsemble.combine_predictions_from_kwargs'.
2025-02-07 14:15:32,203 [DEBUG]  Made prediction using user intent.
2025-02-07 14:15:32,203 [DEBUG]  Added `DefinePrevUserUtteredFeaturization(False)` event.
2025-02-07 14:15:32,203 [DEBUG]  Predicted next action using RulePolicy.
2025-02-07 14:15:32,203 [DEBUG]  Predicted next action 'utter_goodbye' with confidence 1.00.
2025-02-07 14:15:32,203 [DEBUG]  [[32m[1mdebug    [0m] [1mprocessor.actions.policy_prediction[0m [36mprediction_events[0m=[35m[<rasa.shared.core.events.DefinePrevUserUtteredFeaturization object at 0x7a3aee3ff010>][0m
2025-02-07 14:15:32,204 [DEBUG]  [[32m[1mdebug    [0m] [1mprocessor.actions.log         [0m [36maction_name[0m=[35mutter_goodbye[0m [36mrasa_events[0m=[35m[BotUttered('До свидания! Если появятся вопросы по архитектуре ПО, обращайтесь.', {"elements": null, "quick_replies": null, "buttons": null, "attachment": null, "image": null, "custom": null}, {"utter_action": "utter_goodbye"}, 1738926932.203757)][0m
2025-02-07 14:15:32,204 [DEBUG]  Running graph with inputs: {'__tracker__': <rasa.shared.core.trackers.DialogueStateTracker object at 0x7a3aee361d80>}, targets: ['select_prediction'] and ExecutionContext(model_id='a524a5dbdcb84741b6ad4b7d0d3bf356', should_add_diagnostic_data=False, is_finetuning=False, node_name=None).
2025-02-07 14:15:32,204 [DEBUG]  Node 'rule_only_data_provider' running 'RuleOnlyDataProvider.provide'.
2025-02-07 14:15:32,204 [DEBUG]  Node 'domain_provider' running 'DomainProvider.provide_inference'.
2025-02-07 14:15:32,204 [DEBUG]  Node 'run_MemoizationPolicy0' running 'MemoizationPolicy.predict_action_probabilities'.
2025-02-07 14:15:32,205 [DEBUG]  [[32m[1mdebug    [0m] [1mmemoization.predict.actions   [0m [36mtracker_states[0m=[35m[{}, {'user': {'intent': 'greet'}, 'prev_action': {'action_name': 'action_listen'}}, {'user': {'intent': 'greet'}, 'prev_action': {'action_name': 'utter_greet'}}, {'user': {'intent': 'affirm'}, 'prev_action': {'action_name': 'action_listen'}}, {'user': {'intent': 'affirm'}, 'prev_action': {'action_name': 'utter_ask_more'}}, {'user': {'intent': 'ask_architecture'}, 'prev_action': {'action_name': 'action_listen'}}, {'user': {'intent': 'ask_architecture'}, 'prev_action': {'action_name': 'utter_architecture_response'}}, {'user': {'intent': 'goodbye'}, 'prev_action': {'action_name': 'action_listen'}}, {'user': {'intent': 'goodbye'}, 'prev_action': {'action_name': 'utter_goodbye'}}, {'user': {'intent': 'goodbye'}, 'prev_action': {'action_name': 'action_listen'}}, {'user': {'intent': 'goodbye'}, 'prev_action': {'action_name': 'utter_goodbye'}}][0m
2025-02-07 14:15:32,205 [DEBUG]  There is no memorised next action
2025-02-07 14:15:32,205 [DEBUG]  Node 'run_RulePolicy1' running 'RulePolicy.predict_action_probabilities'.
2025-02-07 14:15:32,205 [DEBUG]  [[32m[1mdebug    [0m] [1mrule_policy.actions.find      [0m [36mcurrent_states[0m=[35m
[state 1] user intent: greet | previous action name: action_listen
[state 2] user intent: greet | previous action name: utter_greet
[state 3] user intent: affirm | previous action name: action_listen
[state 4] user intent: affirm | previous action name: utter_ask_more
[state 5] user intent: ask_architecture | previous action name: action_listen
[state 6] user intent: ask_architecture | previous action name: utter_architecture_response
[state 7] user intent: goodbye | previous action name: action_listen
[state 8] user intent: goodbye | previous action name: utter_goodbye
[state 9] user intent: goodbye | previous action name: action_listen
[state 10] user intent: goodbye | previous action name: utter_goodbye[0m
2025-02-07 14:15:32,206 [DEBUG]  There is a rule for the next action 'action_listen'.
2025-02-07 14:15:32,206 [DEBUG]  Node 'run_TEDPolicy3' running 'TEDPolicy.predict_action_probabilities'.
2025-02-07 14:15:32,210 [DEBUG]  TED predicted 'action_listen' based on user intent.
2025-02-07 14:15:32,210 [DEBUG]  Node 'run_UnexpecTEDIntentPolicy2' running 'UnexpecTEDIntentPolicy.predict_action_probabilities'.
2025-02-07 14:15:32,211 [DEBUG]  Skipping predictions for UnexpecTEDIntentPolicy as either there is no event of type `UserUttered`, event's intent is new and not in domain or there is an event of type `ActionExecuted` after the last `UserUttered`.
2025-02-07 14:15:32,211 [DEBUG]  Node 'select_prediction' running 'DefaultPolicyPredictionEnsemble.combine_predictions_from_kwargs'.
2025-02-07 14:15:32,211 [DEBUG]  Predicted next action using RulePolicy.
2025-02-07 14:15:32,211 [DEBUG]  Predicted next action 'action_listen' with confidence 1.00.
2025-02-07 14:15:32,211 [DEBUG]  [[32m[1mdebug    [0m] [1mprocessor.actions.policy_prediction[0m [36mprediction_events[0m=[35m[][0m
2025-02-07 14:15:32,211 [DEBUG]  [[32m[1mdebug    [0m] [1mprocessor.actions.log         [0m [36maction_name[0m=[35maction_listen[0m [36mrasa_events[0m=[35m[][0m
2025-02-07 14:15:32,212 [DEBUG]  No event broker configured. Skipping streaming events.
2025-02-07 14:15:32,212 [DEBUG]  Deleted lock for conversation 'PractikumStudent'.
2025-02-07 14:18:51,641 [DEBUG]  Issuing ticket for conversation 'PractikumStudent'.
2025-02-07 14:18:51,641 [DEBUG]  Acquiring lock for conversation 'PractikumStudent'.
2025-02-07 14:18:51,641 [DEBUG]  Acquired lock for conversation 'PractikumStudent'.
2025-02-07 14:18:51,641 [DEBUG]  Recreating tracker for id 'PractikumStudent'
2025-02-07 14:18:51,644 [DEBUG]  Running graph with inputs: {'__message__': [<rasa.core.channels.channel.UserMessage object at 0x7a3aee361d80>], '__tracker__': <rasa.shared.core.trackers.DialogueStateTracker object at 0x7a3aeed08d90>}, targets: ['run_RegexMessageHandler'] and ExecutionContext(model_id='a524a5dbdcb84741b6ad4b7d0d3bf356', should_add_diagnostic_data=False, is_finetuning=False, node_name=None).
2025-02-07 14:18:51,645 [DEBUG]  Node 'nlu_message_converter' running 'NLUMessageConverter.convert_user_message'.
2025-02-07 14:18:51,645 [DEBUG]  Node 'run_WhitespaceTokenizer0' running 'WhitespaceTokenizer.process'.
2025-02-07 14:18:51,645 [DEBUG]  Node 'run_RegexFeaturizer1' running 'RegexFeaturizer.process'.
2025-02-07 14:18:51,645 [DEBUG]  Node 'run_LexicalSyntacticFeaturizer2' running 'LexicalSyntacticFeaturizer.process'.
2025-02-07 14:18:51,646 [DEBUG]  Node 'run_CountVectorsFeaturizer3' running 'CountVectorsFeaturizer.process'.
2025-02-07 14:18:51,646 [DEBUG]  Node 'run_CountVectorsFeaturizer4' running 'CountVectorsFeaturizer.process'.
2025-02-07 14:18:51,647 [DEBUG]  Node 'run_DIETClassifier5' running 'DIETClassifier.process'.
2025-02-07 14:18:51,653 [DEBUG]  Node 'run_EntitySynonymMapper6' running 'EntitySynonymMapper.process'.
2025-02-07 14:18:51,653 [DEBUG]  Node 'run_ResponseSelector7' running 'ResponseSelector.process'.
2025-02-07 14:18:51,653 [DEBUG]  There is no trained model for 'ResponseSelector': The component is either not trained or didn't receive enough training data.
2025-02-07 14:18:51,653 [DEBUG]  Adding following selector key to message property: default
2025-02-07 14:18:51,653 [DEBUG]  Node 'run_FallbackClassifier8' running 'FallbackClassifier.process'.
2025-02-07 14:18:51,653 [DEBUG]  Node 'domain_provider' running 'DomainProvider.provide_inference'.
2025-02-07 14:18:51,653 [DEBUG]  Node 'run_RegexMessageHandler' running 'RegexMessageHandler.process'.
2025-02-07 14:18:51,653 [DEBUG]  [[32m[1mdebug    [0m] [1mprocessor.message.parse       [0m [36mparse_data_entities[0m=[35m[][0m [36mparse_data_intent[0m=[35m{'name': 'greet', 'confidence': 1.0}[0m [36mparse_data_text[0m=[35mпривет[0m
2025-02-07 14:18:51,654 [DEBUG]  Logged UserUtterance - tracker now has 34 events.
2025-02-07 14:18:51,654 [DEBUG]  Validating extracted slots: topic
2025-02-07 14:18:51,654 [DEBUG]  [[32m[1mdebug    [0m] [1mprocessor.extract.slots       [0m [36maction_extract_slot[0m=[35maction_extract_slots[0m [36mlen_extraction_events[0m=[35m1[0m [36mrasa_events[0m=[35m[SlotSet(key: topic, value: привет)][0m
2025-02-07 14:18:51,654 [DEBUG]  Running graph with inputs: {'__tracker__': <rasa.shared.core.trackers.DialogueStateTracker object at 0x7a3aeed08d90>}, targets: ['select_prediction'] and ExecutionContext(model_id='a524a5dbdcb84741b6ad4b7d0d3bf356', should_add_diagnostic_data=False, is_finetuning=False, node_name=None).
2025-02-07 14:18:51,654 [DEBUG]  Node 'rule_only_data_provider' running 'RuleOnlyDataProvider.provide'.
2025-02-07 14:18:51,654 [DEBUG]  Node 'domain_provider' running 'DomainProvider.provide_inference'.
2025-02-07 14:18:51,654 [DEBUG]  Node 'run_MemoizationPolicy0' running 'MemoizationPolicy.predict_action_probabilities'.
2025-02-07 14:18:51,655 [DEBUG]  [[32m[1mdebug    [0m] [1mmemoization.predict.actions   [0m [36mtracker_states[0m=[35m[{}, {'user': {'intent': 'greet'}, 'prev_action': {'action_name': 'action_listen'}}, {'user': {'intent': 'greet'}, 'prev_action': {'action_name': 'utter_greet'}}, {'user': {'intent': 'affirm'}, 'prev_action': {'action_name': 'action_listen'}}, {'user': {'intent': 'affirm'}, 'prev_action': {'action_name': 'utter_ask_more'}}, {'user': {'intent': 'ask_architecture'}, 'prev_action': {'action_name': 'action_listen'}}, {'user': {'intent': 'ask_architecture'}, 'prev_action': {'action_name': 'utter_architecture_response'}}, {'user': {'intent': 'goodbye'}, 'prev_action': {'action_name': 'action_listen'}}, {'user': {'intent': 'goodbye'}, 'prev_action': {'action_name': 'utter_goodbye'}}, {'user': {'intent': 'goodbye'}, 'prev_action': {'action_name': 'action_listen'}}, {'user': {'intent': 'goodbye'}, 'prev_action': {'action_name': 'utter_goodbye'}}, {'user': {'intent': 'greet'}, 'prev_action': {'action_name': 'action_listen'}}][0m
2025-02-07 14:18:51,655 [DEBUG]  There is no memorised next action
2025-02-07 14:18:51,655 [DEBUG]  Node 'run_RulePolicy1' running 'RulePolicy.predict_action_probabilities'.
2025-02-07 14:18:51,655 [DEBUG]  [[32m[1mdebug    [0m] [1mrule_policy.actions.find      [0m [36mcurrent_states[0m=[35m
[state 1] user intent: greet | previous action name: action_listen
[state 2] user intent: greet | previous action name: utter_greet
[state 3] user intent: affirm | previous action name: action_listen
[state 4] user intent: affirm | previous action name: utter_ask_more
[state 5] user intent: ask_architecture | previous action name: action_listen
[state 6] user intent: ask_architecture | previous action name: utter_architecture_response
[state 7] user intent: goodbye | previous action name: action_listen
[state 8] user intent: goodbye | previous action name: utter_goodbye
[state 9] user intent: goodbye | previous action name: action_listen
[state 10] user intent: goodbye | previous action name: utter_goodbye
[state 11] user text: привет | previous action name: action_listen[0m
2025-02-07 14:18:51,656 [DEBUG]  There is no applicable rule.
2025-02-07 14:18:51,656 [DEBUG]  [[32m[1mdebug    [0m] [1mrule_policy.actions.find      [0m [36mcurrent_states[0m=[35m
[state 1] user intent: greet | previous action name: action_listen
[state 2] user intent: greet | previous action name: utter_greet
[state 3] user intent: affirm | previous action name: action_listen
[state 4] user intent: affirm | previous action name: utter_ask_more
[state 5] user intent: ask_architecture | previous action name: action_listen
[state 6] user intent: ask_architecture | previous action name: utter_architecture_response
[state 7] user intent: goodbye | previous action name: action_listen
[state 8] user intent: goodbye | previous action name: utter_goodbye
[state 9] user intent: goodbye | previous action name: action_listen
[state 10] user intent: goodbye | previous action name: utter_goodbye
[state 11] user intent: greet | previous action name: action_listen[0m
2025-02-07 14:18:51,656 [DEBUG]  There is a rule for the next action 'utter_greet'.
2025-02-07 14:18:51,656 [DEBUG]  Node 'run_TEDPolicy3' running 'TEDPolicy.predict_action_probabilities'.
2025-02-07 14:18:51,659 [DEBUG]  TED predicted 'utter_greet' based on user intent.
2025-02-07 14:18:51,659 [DEBUG]  Node 'run_UnexpecTEDIntentPolicy2' running 'UnexpecTEDIntentPolicy.predict_action_probabilities'.
2025-02-07 14:18:51,664 [DEBUG]  Querying for intent `greet`.
2025-02-07 14:18:51,664 [DEBUG]  Score for intent `greet` is `1.6015788316726685`, while threshold is `-1.8915715217590332`.
2025-02-07 14:18:51,664 [DEBUG]  Top 5 intents (in ascending order) that are likely here are: `[('deny', -1.5009079), ('back', -1.3460544), ('greet', 1.6015788), ('goodbye', 1.706095), ('request_info', 1.8536993)]`.
2025-02-07 14:18:51,664 [DEBUG]  Node 'select_prediction' running 'DefaultPolicyPredictionEnsemble.combine_predictions_from_kwargs'.
2025-02-07 14:18:51,664 [DEBUG]  Made prediction using user intent.
2025-02-07 14:18:51,664 [DEBUG]  Added `DefinePrevUserUtteredFeaturization(False)` event.
2025-02-07 14:18:51,664 [DEBUG]  Predicted next action using RulePolicy.
2025-02-07 14:18:51,664 [DEBUG]  Predicted next action 'utter_greet' with confidence 1.00.
2025-02-07 14:18:51,665 [DEBUG]  [[32m[1mdebug    [0m] [1mprocessor.actions.policy_prediction[0m [36mprediction_events[0m=[35m[<rasa.shared.core.events.DefinePrevUserUtteredFeaturization object at 0x7a3aee3fd9f0>][0m
2025-02-07 14:18:51,665 [DEBUG]  [[32m[1mdebug    [0m] [1mprocessor.actions.log         [0m [36maction_name[0m=[35mutter_greet[0m [36mrasa_events[0m=[35m[BotUttered('Привет! Чем могу помочь в области архитектуры программного обеспечения?', {"elements": null, "quick_replies": null, "buttons": null, "attachment": null, "image": null, "custom": null}, {"utter_action": "utter_greet"}, 1738927131.665171)][0m
2025-02-07 14:18:51,665 [DEBUG]  Running graph with inputs: {'__tracker__': <rasa.shared.core.trackers.DialogueStateTracker object at 0x7a3aeed08d90>}, targets: ['select_prediction'] and ExecutionContext(model_id='a524a5dbdcb84741b6ad4b7d0d3bf356', should_add_diagnostic_data=False, is_finetuning=False, node_name=None).
2025-02-07 14:18:51,666 [DEBUG]  Node 'rule_only_data_provider' running 'RuleOnlyDataProvider.provide'.
2025-02-07 14:18:51,666 [DEBUG]  Node 'domain_provider' running 'DomainProvider.provide_inference'.
2025-02-07 14:18:51,666 [DEBUG]  Node 'run_MemoizationPolicy0' running 'MemoizationPolicy.predict_action_probabilities'.
2025-02-07 14:18:51,666 [DEBUG]  [[32m[1mdebug    [0m] [1mmemoization.predict.actions   [0m [36mtracker_states[0m=[35m[{}, {'user': {'intent': 'greet'}, 'prev_action': {'action_name': 'action_listen'}}, {'user': {'intent': 'greet'}, 'prev_action': {'action_name': 'utter_greet'}}, {'user': {'intent': 'affirm'}, 'prev_action': {'action_name': 'action_listen'}}, {'user': {'intent': 'affirm'}, 'prev_action': {'action_name': 'utter_ask_more'}}, {'user': {'intent': 'ask_architecture'}, 'prev_action': {'action_name': 'action_listen'}}, {'user': {'intent': 'ask_architecture'}, 'prev_action': {'action_name': 'utter_architecture_response'}}, {'user': {'intent': 'goodbye'}, 'prev_action': {'action_name': 'action_listen'}}, {'user': {'intent': 'goodbye'}, 'prev_action': {'action_name': 'utter_goodbye'}}, {'user': {'intent': 'goodbye'}, 'prev_action': {'action_name': 'action_listen'}}, {'user': {'intent': 'goodbye'}, 'prev_action': {'action_name': 'utter_goodbye'}}, {'user': {'intent': 'greet'}, 'prev_action': {'action_name': 'action_listen'}}, {'user': {'intent': 'greet'}, 'prev_action': {'action_name': 'utter_greet'}}][0m
2025-02-07 14:18:51,666 [DEBUG]  There is no memorised next action
2025-02-07 14:18:51,666 [DEBUG]  Node 'run_RulePolicy1' running 'RulePolicy.predict_action_probabilities'.
2025-02-07 14:18:51,667 [DEBUG]  [[32m[1mdebug    [0m] [1mrule_policy.actions.find      [0m [36mcurrent_states[0m=[35m
[state 1] user intent: greet | previous action name: action_listen
[state 2] user intent: greet | previous action name: utter_greet
[state 3] user intent: affirm | previous action name: action_listen
[state 4] user intent: affirm | previous action name: utter_ask_more
[state 5] user intent: ask_architecture | previous action name: action_listen
[state 6] user intent: ask_architecture | previous action name: utter_architecture_response
[state 7] user intent: goodbye | previous action name: action_listen
[state 8] user intent: goodbye | previous action name: utter_goodbye
[state 9] user intent: goodbye | previous action name: action_listen
[state 10] user intent: goodbye | previous action name: utter_goodbye
[state 11] user intent: greet | previous action name: action_listen
[state 12] user intent: greet | previous action name: utter_greet[0m
2025-02-07 14:18:51,667 [DEBUG]  There is a rule for the next action 'action_listen'.
2025-02-07 14:18:51,667 [DEBUG]  Node 'run_TEDPolicy3' running 'TEDPolicy.predict_action_probabilities'.
2025-02-07 14:18:51,670 [DEBUG]  TED predicted 'action_listen' based on user intent.
2025-02-07 14:18:51,670 [DEBUG]  Node 'run_UnexpecTEDIntentPolicy2' running 'UnexpecTEDIntentPolicy.predict_action_probabilities'.
2025-02-07 14:18:51,670 [DEBUG]  Skipping predictions for UnexpecTEDIntentPolicy as either there is no event of type `UserUttered`, event's intent is new and not in domain or there is an event of type `ActionExecuted` after the last `UserUttered`.
2025-02-07 14:18:51,670 [DEBUG]  Node 'select_prediction' running 'DefaultPolicyPredictionEnsemble.combine_predictions_from_kwargs'.
2025-02-07 14:18:51,670 [DEBUG]  Predicted next action using RulePolicy.
2025-02-07 14:18:51,670 [DEBUG]  Predicted next action 'action_listen' with confidence 1.00.
2025-02-07 14:18:51,671 [DEBUG]  [[32m[1mdebug    [0m] [1mprocessor.actions.policy_prediction[0m [36mprediction_events[0m=[35m[][0m
2025-02-07 14:18:51,671 [DEBUG]  [[32m[1mdebug    [0m] [1mprocessor.actions.log         [0m [36maction_name[0m=[35maction_listen[0m [36mrasa_events[0m=[35m[][0m
2025-02-07 14:18:51,671 [DEBUG]  No event broker configured. Skipping streaming events.
2025-02-07 14:18:51,671 [DEBUG]  Deleted lock for conversation 'PractikumStudent'.
2025-02-07 14:19:05,193 [DEBUG]  Issuing ticket for conversation 'PractikumStudent'.
2025-02-07 14:19:05,193 [DEBUG]  Acquiring lock for conversation 'PractikumStudent'.
2025-02-07 14:19:05,193 [DEBUG]  Acquired lock for conversation 'PractikumStudent'.
2025-02-07 14:19:05,193 [DEBUG]  Recreating tracker for id 'PractikumStudent'
2025-02-07 14:19:05,195 [DEBUG]  Running graph with inputs: {'__message__': [<rasa.core.channels.channel.UserMessage object at 0x7a3aee361d80>], '__tracker__': <rasa.shared.core.trackers.DialogueStateTracker object at 0x7a3aeed08d90>}, targets: ['run_RegexMessageHandler'] and ExecutionContext(model_id='a524a5dbdcb84741b6ad4b7d0d3bf356', should_add_diagnostic_data=False, is_finetuning=False, node_name=None).
2025-02-07 14:19:05,196 [DEBUG]  Node 'nlu_message_converter' running 'NLUMessageConverter.convert_user_message'.
2025-02-07 14:19:05,196 [DEBUG]  Node 'run_WhitespaceTokenizer0' running 'WhitespaceTokenizer.process'.
2025-02-07 14:19:05,196 [DEBUG]  Node 'run_RegexFeaturizer1' running 'RegexFeaturizer.process'.
2025-02-07 14:19:05,196 [DEBUG]  Node 'run_LexicalSyntacticFeaturizer2' running 'LexicalSyntacticFeaturizer.process'.
2025-02-07 14:19:05,196 [DEBUG]  Node 'run_CountVectorsFeaturizer3' running 'CountVectorsFeaturizer.process'.
2025-02-07 14:19:05,197 [DEBUG]  Node 'run_CountVectorsFeaturizer4' running 'CountVectorsFeaturizer.process'.
2025-02-07 14:19:05,197 [DEBUG]  Node 'run_DIETClassifier5' running 'DIETClassifier.process'.
2025-02-07 14:19:05,203 [DEBUG]  Node 'run_EntitySynonymMapper6' running 'EntitySynonymMapper.process'.
2025-02-07 14:19:05,203 [DEBUG]  Node 'run_ResponseSelector7' running 'ResponseSelector.process'.
2025-02-07 14:19:05,203 [DEBUG]  There is no trained model for 'ResponseSelector': The component is either not trained or didn't receive enough training data.
2025-02-07 14:19:05,203 [DEBUG]  Adding following selector key to message property: default
2025-02-07 14:19:05,203 [DEBUG]  Node 'run_FallbackClassifier8' running 'FallbackClassifier.process'.
2025-02-07 14:19:05,204 [DEBUG]  Node 'domain_provider' running 'DomainProvider.provide_inference'.
2025-02-07 14:19:05,204 [DEBUG]  Node 'run_RegexMessageHandler' running 'RegexMessageHandler.process'.
2025-02-07 14:19:05,204 [DEBUG]  [[32m[1mdebug    [0m] [1mprocessor.message.parse       [0m [36mparse_data_entities[0m=[35m[][0m [36mparse_data_intent[0m=[35m{'name': 'ask_architecture', 'confidence': 0.9999998807907104}[0m [36mparse_data_text[0m=[35mкак реализовать микросервисную архитектуру[0m
2025-02-07 14:19:05,204 [DEBUG]  Logged UserUtterance - tracker now has 40 events.
2025-02-07 14:19:05,204 [DEBUG]  Validating extracted slots: topic
2025-02-07 14:19:05,204 [DEBUG]  [[32m[1mdebug    [0m] [1mprocessor.extract.slots       [0m [36maction_extract_slot[0m=[35maction_extract_slots[0m [36mlen_extraction_events[0m=[35m1[0m [36mrasa_events[0m=[35m[SlotSet(key: topic, value: как реализовать микросервисную архитектуру)][0m
2025-02-07 14:19:05,205 [DEBUG]  Running graph with inputs: {'__tracker__': <rasa.shared.core.trackers.DialogueStateTracker object at 0x7a3aeed08d90>}, targets: ['select_prediction'] and ExecutionContext(model_id='a524a5dbdcb84741b6ad4b7d0d3bf356', should_add_diagnostic_data=False, is_finetuning=False, node_name=None).
2025-02-07 14:19:05,205 [DEBUG]  Node 'rule_only_data_provider' running 'RuleOnlyDataProvider.provide'.
2025-02-07 14:19:05,205 [DEBUG]  Node 'domain_provider' running 'DomainProvider.provide_inference'.
2025-02-07 14:19:05,205 [DEBUG]  Node 'run_MemoizationPolicy0' running 'MemoizationPolicy.predict_action_probabilities'.
2025-02-07 14:19:05,205 [DEBUG]  [[32m[1mdebug    [0m] [1mmemoization.predict.actions   [0m [36mtracker_states[0m=[35m[{}, {'user': {'intent': 'greet'}, 'prev_action': {'action_name': 'action_listen'}}, {'user': {'intent': 'greet'}, 'prev_action': {'action_name': 'utter_greet'}}, {'user': {'intent': 'affirm'}, 'prev_action': {'action_name': 'action_listen'}}, {'user': {'intent': 'affirm'}, 'prev_action': {'action_name': 'utter_ask_more'}}, {'user': {'intent': 'ask_architecture'}, 'prev_action': {'action_name': 'action_listen'}}, {'user': {'intent': 'ask_architecture'}, 'prev_action': {'action_name': 'utter_architecture_response'}}, {'user': {'intent': 'goodbye'}, 'prev_action': {'action_name': 'action_listen'}}, {'user': {'intent': 'goodbye'}, 'prev_action': {'action_name': 'utter_goodbye'}}, {'user': {'intent': 'goodbye'}, 'prev_action': {'action_name': 'action_listen'}}, {'user': {'intent': 'goodbye'}, 'prev_action': {'action_name': 'utter_goodbye'}}, {'user': {'intent': 'greet'}, 'prev_action': {'action_name': 'action_listen'}}, {'user': {'intent': 'greet'}, 'prev_action': {'action_name': 'utter_greet'}}, {'user': {'intent': 'ask_architecture'}, 'prev_action': {'action_name': 'action_listen'}}][0m
2025-02-07 14:19:05,205 [DEBUG]  There is no memorised next action
2025-02-07 14:19:05,206 [DEBUG]  Node 'run_RulePolicy1' running 'RulePolicy.predict_action_probabilities'.
2025-02-07 14:19:05,206 [DEBUG]  [[32m[1mdebug    [0m] [1mrule_policy.actions.find      [0m [36mcurrent_states[0m=[35m
[state 1] user intent: greet | previous action name: action_listen
[state 2] user intent: greet | previous action name: utter_greet
[state 3] user intent: affirm | previous action name: action_listen
[state 4] user intent: affirm | previous action name: utter_ask_more
[state 5] user intent: ask_architecture | previous action name: action_listen
[state 6] user intent: ask_architecture | previous action name: utter_architecture_response
[state 7] user intent: goodbye | previous action name: action_listen
[state 8] user intent: goodbye | previous action name: utter_goodbye
[state 9] user intent: goodbye | previous action name: action_listen
[state 10] user intent: goodbye | previous action name: utter_goodbye
[state 11] user intent: greet | previous action name: action_listen
[state 12] user intent: greet | previous action name: utter_greet
[state 13] user text: как реализовать микросервисную архитектуру | previous action name: action_listen[0m
2025-02-07 14:19:05,206 [DEBUG]  There is no applicable rule.
2025-02-07 14:19:05,206 [DEBUG]  [[32m[1mdebug    [0m] [1mrule_policy.actions.find      [0m [36mcurrent_states[0m=[35m
[state 1] user intent: greet | previous action name: action_listen
[state 2] user intent: greet | previous action name: utter_greet
[state 3] user intent: affirm | previous action name: action_listen
[state 4] user intent: affirm | previous action name: utter_ask_more
[state 5] user intent: ask_architecture | previous action name: action_listen
[state 6] user intent: ask_architecture | previous action name: utter_architecture_response
[state 7] user intent: goodbye | previous action name: action_listen
[state 8] user intent: goodbye | previous action name: utter_goodbye
[state 9] user intent: goodbye | previous action name: action_listen
[state 10] user intent: goodbye | previous action name: utter_goodbye
[state 11] user intent: greet | previous action name: action_listen
[state 12] user intent: greet | previous action name: utter_greet
[state 13] user intent: ask_architecture | previous action name: action_listen[0m
2025-02-07 14:19:05,206 [DEBUG]  There is a rule for the next action 'utter_architecture_response'.
2025-02-07 14:19:05,206 [DEBUG]  Node 'run_TEDPolicy3' running 'TEDPolicy.predict_action_probabilities'.
2025-02-07 14:19:05,209 [DEBUG]  TED predicted 'utter_architecture_response' based on user intent.
2025-02-07 14:19:05,210 [DEBUG]  Node 'run_UnexpecTEDIntentPolicy2' running 'UnexpecTEDIntentPolicy.predict_action_probabilities'.
2025-02-07 14:19:05,213 [DEBUG]  Querying for intent `ask_architecture`.
2025-02-07 14:19:05,213 [DEBUG]  Score for intent `ask_architecture` is `1.752264380455017`, while threshold is `-1.4479460716247559`.
2025-02-07 14:19:05,213 [DEBUG]  Top 5 intents (in ascending order) that are likely here are: `[('goodbye', -1.6405727), ('session_start', -1.5820758), ('restart', -1.4834238), ('affirm', -1.2598109), ('ask_architecture', 1.7522644)]`.
2025-02-07 14:19:05,213 [DEBUG]  Node 'select_prediction' running 'DefaultPolicyPredictionEnsemble.combine_predictions_from_kwargs'.
2025-02-07 14:19:05,213 [DEBUG]  Made prediction using user intent.
2025-02-07 14:19:05,213 [DEBUG]  Added `DefinePrevUserUtteredFeaturization(False)` event.
2025-02-07 14:19:05,213 [DEBUG]  Predicted next action using RulePolicy.
2025-02-07 14:19:05,213 [DEBUG]  Predicted next action 'utter_architecture_response' with confidence 1.00.
2025-02-07 14:19:05,214 [DEBUG]  [[32m[1mdebug    [0m] [1mprocessor.actions.policy_prediction[0m [36mprediction_events[0m=[35m[<rasa.shared.core.events.DefinePrevUserUtteredFeaturization object at 0x7a3aee3fed10>][0m
2025-02-07 14:19:05,214 [DEBUG]  [[32m[1mdebug    [0m] [1mprocessor.actions.log         [0m [36maction_name[0m=[35mutter_architecture_response[0m [36mrasa_events[0m=[35m[BotUttered('Архитектура ПО включает выбор структур, которые обеспечивают масштабируемость, гибкость и поддерживаемость приложения. Задайте конкретный вопрос по этой теме, и я помогу вам с информацией. Микросервисная архитектура разбивает систему на небольшие, независимые сервисы, которые взаимодействуют друг с другом. Она повышает масштабируемость и отказоустойчивость. Хотите примеры? Монолитная архитектура объединяет все компоненты приложения в единое целое. Это может упростить разработку, но усложнить масштабирование. Хотите примеры?', {"elements": null, "quick_replies": null, "buttons": null, "attachment": null, "image": null, "custom": null}, {"utter_action": "utter_architecture_response"}, 1738927145.214068)][0m
2025-02-07 14:19:05,214 [DEBUG]  Running graph with inputs: {'__tracker__': <rasa.shared.core.trackers.DialogueStateTracker object at 0x7a3aeed08d90>}, targets: ['select_prediction'] and ExecutionContext(model_id='a524a5dbdcb84741b6ad4b7d0d3bf356', should_add_diagnostic_data=False, is_finetuning=False, node_name=None).
2025-02-07 14:19:05,214 [DEBUG]  Node 'rule_only_data_provider' running 'RuleOnlyDataProvider.provide'.
2025-02-07 14:19:05,214 [DEBUG]  Node 'domain_provider' running 'DomainProvider.provide_inference'.
2025-02-07 14:19:05,214 [DEBUG]  Node 'run_MemoizationPolicy0' running 'MemoizationPolicy.predict_action_probabilities'.
2025-02-07 14:19:05,215 [DEBUG]  [[32m[1mdebug    [0m] [1mmemoization.predict.actions   [0m [36mtracker_states[0m=[35m[{}, {'user': {'intent': 'greet'}, 'prev_action': {'action_name': 'action_listen'}}, {'user': {'intent': 'greet'}, 'prev_action': {'action_name': 'utter_greet'}}, {'user': {'intent': 'affirm'}, 'prev_action': {'action_name': 'action_listen'}}, {'user': {'intent': 'affirm'}, 'prev_action': {'action_name': 'utter_ask_more'}}, {'user': {'intent': 'ask_architecture'}, 'prev_action': {'action_name': 'action_listen'}}, {'user': {'intent': 'ask_architecture'}, 'prev_action': {'action_name': 'utter_architecture_response'}}, {'user': {'intent': 'goodbye'}, 'prev_action': {'action_name': 'action_listen'}}, {'user': {'intent': 'goodbye'}, 'prev_action': {'action_name': 'utter_goodbye'}}, {'user': {'intent': 'goodbye'}, 'prev_action': {'action_name': 'action_listen'}}, {'user': {'intent': 'goodbye'}, 'prev_action': {'action_name': 'utter_goodbye'}}, {'user': {'intent': 'greet'}, 'prev_action': {'action_name': 'action_listen'}}, {'user': {'intent': 'greet'}, 'prev_action': {'action_name': 'utter_greet'}}, {'user': {'intent': 'ask_architecture'}, 'prev_action': {'action_name': 'action_listen'}}, {'user': {'intent': 'ask_architecture'}, 'prev_action': {'action_name': 'utter_architecture_response'}}][0m
2025-02-07 14:19:05,215 [DEBUG]  There is no memorised next action
2025-02-07 14:19:05,215 [DEBUG]  Node 'run_RulePolicy1' running 'RulePolicy.predict_action_probabilities'.
2025-02-07 14:19:05,215 [DEBUG]  [[32m[1mdebug    [0m] [1mrule_policy.actions.find      [0m [36mcurrent_states[0m=[35m
[state 1] user intent: greet | previous action name: action_listen
[state 2] user intent: greet | previous action name: utter_greet
[state 3] user intent: affirm | previous action name: action_listen
[state 4] user intent: affirm | previous action name: utter_ask_more
[state 5] user intent: ask_architecture | previous action name: action_listen
[state 6] user intent: ask_architecture | previous action name: utter_architecture_response
[state 7] user intent: goodbye | previous action name: action_listen
[state 8] user intent: goodbye | previous action name: utter_goodbye
[state 9] user intent: goodbye | previous action name: action_listen
[state 10] user intent: goodbye | previous action name: utter_goodbye
[state 11] user intent: greet | previous action name: action_listen
[state 12] user intent: greet | previous action name: utter_greet
[state 13] user intent: ask_architecture | previous action name: action_listen
[state 14] user intent: ask_architecture | previous action name: utter_architecture_response[0m
2025-02-07 14:19:05,215 [DEBUG]  There is a rule for the next action 'action_listen'.
2025-02-07 14:19:05,216 [DEBUG]  Node 'run_TEDPolicy3' running 'TEDPolicy.predict_action_probabilities'.
2025-02-07 14:19:05,219 [DEBUG]  TED predicted 'action_listen' based on user intent.
2025-02-07 14:19:05,219 [DEBUG]  Node 'run_UnexpecTEDIntentPolicy2' running 'UnexpecTEDIntentPolicy.predict_action_probabilities'.
2025-02-07 14:19:05,219 [DEBUG]  Skipping predictions for UnexpecTEDIntentPolicy as either there is no event of type `UserUttered`, event's intent is new and not in domain or there is an event of type `ActionExecuted` after the last `UserUttered`.
2025-02-07 14:19:05,219 [DEBUG]  Node 'select_prediction' running 'DefaultPolicyPredictionEnsemble.combine_predictions_from_kwargs'.
2025-02-07 14:19:05,219 [DEBUG]  Predicted next action using RulePolicy.
2025-02-07 14:19:05,219 [DEBUG]  Predicted next action 'action_listen' with confidence 1.00.
2025-02-07 14:19:05,219 [DEBUG]  [[32m[1mdebug    [0m] [1mprocessor.actions.policy_prediction[0m [36mprediction_events[0m=[35m[][0m
2025-02-07 14:19:05,219 [DEBUG]  [[32m[1mdebug    [0m] [1mprocessor.actions.log         [0m [36maction_name[0m=[35maction_listen[0m [36mrasa_events[0m=[35m[][0m
2025-02-07 14:19:05,219 [DEBUG]  No event broker configured. Skipping streaming events.
2025-02-07 14:19:05,220 [DEBUG]  Deleted lock for conversation 'PractikumStudent'.
